TN:
SF:src/constants/index.ts
FNF:0
FNH:0
DA:4,1
DA:22,1
DA:68,1
DA:78,1
DA:85,1
DA:93,1
DA:100,1
DA:109,1
LF:8
LH:8
BRF:0
BRH:0
end_of_record
TN:
SF:src/errors/AppError.ts
FN:15,(anonymous_0)
FN:33,(anonymous_1)
FN:46,(anonymous_2)
FN:55,(anonymous_3)
FN:67,(anonymous_4)
FN:73,(anonymous_5)
FN:79,(anonymous_6)
FN:85,(anonymous_7)
FN:91,(anonymous_8)
FN:102,(anonymous_9)
FN:108,(anonymous_10)
FN:115,(anonymous_11)
FN:121,(anonymous_12)
FN:127,(anonymous_13)
FN:134,(anonymous_14)
FN:141,(anonymous_15)
FN:148,(anonymous_16)
FN:154,(anonymous_17)
FN:160,(anonymous_18)
FN:166,(anonymous_19)
FN:172,(anonymous_20)
FN:178,(anonymous_21)
FN:184,(anonymous_22)
FN:190,(anonymous_23)
FNF:24
FNH:1
FNDA:2,(anonymous_0)
FNDA:0,(anonymous_1)
FNDA:0,(anonymous_2)
FNDA:0,(anonymous_3)
FNDA:0,(anonymous_4)
FNDA:0,(anonymous_5)
FNDA:0,(anonymous_6)
FNDA:0,(anonymous_7)
FNDA:0,(anonymous_8)
FNDA:0,(anonymous_9)
FNDA:0,(anonymous_10)
FNDA:0,(anonymous_11)
FNDA:0,(anonymous_12)
FNDA:0,(anonymous_13)
FNDA:0,(anonymous_14)
FNDA:0,(anonymous_15)
FNDA:0,(anonymous_16)
FNDA:0,(anonymous_17)
FNDA:0,(anonymous_18)
FNDA:0,(anonymous_19)
FNDA:0,(anonymous_20)
FNDA:0,(anonymous_21)
FNDA:0,(anonymous_22)
FNDA:0,(anonymous_23)
DA:6,1
DA:8,1
DA:23,2
DA:24,2
DA:25,2
DA:26,2
DA:27,2
DA:28,2
DA:29,2
DA:30,2
DA:34,0
DA:45,1
DA:47,0
DA:50,0
DA:54,1
DA:56,0
DA:57,0
DA:61,0
DA:66,1
DA:68,0
DA:72,1
DA:74,0
DA:78,1
DA:80,0
DA:84,1
DA:86,0
DA:90,1
DA:92,0
DA:101,1
DA:103,0
DA:107,1
DA:109,0
DA:110,0
DA:114,1
DA:116,0
DA:120,1
DA:122,0
DA:126,1
DA:128,0
DA:129,0
DA:133,1
DA:135,0
DA:136,0
DA:140,1
DA:142,0
DA:143,0
DA:147,1
DA:149,0
DA:153,1
DA:155,0
DA:159,1
DA:161,0
DA:165,1
DA:167,0
DA:171,1
DA:173,0
DA:177,1
DA:179,0
DA:183,1
DA:185,0
DA:189,1
DA:191,0
LF:62
LH:32
BRDA:19,0,0,2
BRDA:26,1,0,2
BRDA:26,1,1,0
BRDA:40,2,0,0
BRDA:40,2,1,0
BRDA:47,3,0,0
BRDA:47,3,1,0
BRDA:56,4,0,0
BRDA:56,4,1,0
BRDA:67,5,0,0
BRDA:73,6,0,0
BRDA:85,7,0,0
BRDA:102,8,0,0
BRDA:109,9,0,0
BRDA:109,9,1,0
BRDA:121,10,0,0
BRDA:128,11,0,0
BRDA:128,11,1,0
BRDA:135,12,0,0
BRDA:135,12,1,0
BRDA:142,13,0,0
BRDA:142,13,1,0
BRDA:148,14,0,0
BRDA:154,15,0,0
BRDA:160,16,0,0
BRDA:166,17,0,0
BRDA:172,18,0,0
BRDA:178,19,0,0
BRDA:184,20,0,0
BRDA:190,21,0,0
BRF:30
BRH:2
end_of_record
TN:
SF:src/middlewares/errorHandler.ts
FN:7,(anonymous_1)
FNF:1
FNH:1
FNDA:6,(anonymous_1)
DA:3,1
DA:4,1
DA:5,1
DA:7,1
DA:13,6
DA:16,6
DA:27,6
DA:28,2
DA:29,2
DA:36,2
DA:40,4
DA:41,1
DA:52,1
DA:55,3
DA:56,1
DA:67,1
DA:71,2
DA:73,2
LF:18
LH:18
BRDA:13,0,0,6
BRDA:13,0,1,5
BRDA:27,1,0,2
BRDA:29,2,0,2
BRDA:29,2,1,0
BRDA:31,3,0,2
BRDA:31,3,1,0
BRDA:40,4,0,1
BRDA:55,5,0,1
BRDA:76,6,0,1
BRDA:76,6,1,1
BRDA:77,7,0,1
BRDA:77,7,1,1
BRF:13
BRH:11
end_of_record
TN:
SF:src/middlewares/requestLogger.ts
FN:30,sanitizeSensitiveData
FN:36,(anonymous_2)
FN:43,(anonymous_3)
FN:70,(anonymous_4)
FN:78,(anonymous_5)
FN:84,(anonymous_6)
FNF:6
FNH:5
FNDA:16,sanitizeSensitiveData
FNDA:0,(anonymous_2)
FNDA:33,(anonymous_3)
FNDA:1,(anonymous_4)
FNDA:8,(anonymous_5)
FNDA:8,(anonymous_6)
DA:2,1
DA:3,1
DA:6,1
DA:9,1
DA:31,16
DA:32,0
DA:35,16
DA:36,0
DA:39,16
DA:41,16
DA:42,5
DA:43,5
DA:44,33
DA:47,5
DA:48,3
DA:49,3
DA:51,3
DA:52,3
DA:54,0
DA:57,0
DA:59,2
DA:60,0
DA:64,16
DA:70,1
DA:71,1
DA:72,1
DA:78,1
DA:79,8
DA:82,8
DA:84,8
DA:85,8
DA:88,8
DA:89,8
DA:91,8
DA:105,8
DA:106,1
DA:108,7
DA:112,8
LF:38
LH:33
BRDA:6,0,0,1
BRDA:6,0,1,0
BRDA:31,1,0,0
BRDA:31,2,0,16
BRDA:31,2,1,16
BRDA:35,3,0,0
BRDA:47,4,0,3
BRDA:47,4,1,2
BRDA:49,5,0,3
BRDA:49,5,1,0
BRDA:51,6,0,3
BRDA:51,6,1,0
BRDA:59,7,0,0
BRDA:101,8,0,8
BRDA:101,8,1,1
BRDA:102,9,0,8
BRDA:102,9,1,1
BRDA:105,10,0,1
BRDA:105,10,1,7
BRF:19
BRH:13
end_of_record
