TN:
SF:src/index.ts
FN:76,(anonymous_1)
FN:149,(anonymous_2)
FN:201,(anonymous_3)
FN:224,(anonymous_4)
FN:230,(anonymous_5)
FN:236,(anonymous_6)
FNF:6
FNH:0
FNDA:0,(anonymous_1)
FNDA:0,(anonymous_2)
FNDA:0,(anonymous_3)
FNDA:0,(anonymous_4)
FNDA:0,(anonymous_5)
FNDA:0,(anonymous_6)
DA:1,0
DA:2,0
DA:3,0
DA:5,0
DA:6,0
DA:8,0
DA:9,0
DA:10,0
DA:11,0
DA:12,0
DA:13,0
DA:14,0
DA:15,0
DA:16,0
DA:17,0
DA:20,0
DA:21,0
DA:22,0
DA:23,0
DA:24,0
DA:25,0
DA:26,0
DA:27,0
DA:28,0
DA:29,0
DA:30,0
DA:31,0
DA:32,0
DA:33,0
DA:34,0
DA:35,0
DA:36,0
DA:38,0
DA:40,0
DA:43,0
DA:75,0
DA:78,0
DA:79,0
DA:83,0
DA:84,0
DA:88,0
DA:89,0
DA:93,0
DA:94,0
DA:98,0
DA:99,0
DA:103,0
DA:104,0
DA:112,0
DA:113,0
DA:114,0
DA:117,0
DA:132,0
DA:135,0
DA:138,0
DA:139,0
DA:142,0
DA:145,0
DA:146,0
DA:149,0
DA:150,0
DA:151,0
DA:152,0
DA:154,0
DA:176,0
DA:179,0
DA:180,0
DA:181,0
DA:182,0
DA:183,0
DA:184,0
DA:185,0
DA:186,0
DA:187,0
DA:188,0
DA:189,0
DA:190,0
DA:191,0
DA:192,0
DA:193,0
DA:194,0
DA:195,0
DA:198,0
DA:201,0
DA:202,0
DA:203,0
DA:213,0
DA:216,0
DA:217,0
DA:220,0
DA:221,0
DA:224,0
DA:225,0
DA:226,0
DA:227,0
DA:230,0
DA:231,0
DA:232,0
DA:233,0
DA:236,0
DA:237,0
DA:238,0
DA:239,0
DA:242,0
LF:104
LH:0
BRDA:78,0,0,0
BRDA:78,0,1,0
BRDA:83,1,0,0
BRDA:83,1,1,0
BRDA:88,2,0,0
BRDA:88,2,1,0
BRDA:93,3,0,0
BRDA:93,3,1,0
BRDA:93,4,0,0
BRDA:93,4,1,0
BRDA:93,4,2,0
BRDA:98,5,0,0
BRDA:98,5,1,0
BRDA:98,6,0,0
BRDA:98,6,1,0
BRDA:161,7,0,0
BRDA:161,7,1,0
BRF:17
BRH:0
end_of_record
TN:
SF:src/test-login.ts
FN:15,testLogin
FNF:1
FNH:0
FNDA:0,testLogin
DA:1,0
DA:2,0
DA:4,0
DA:16,0
DA:17,0
DA:18,0
DA:19,0
DA:20,0
DA:22,0
DA:23,0
DA:24,0
DA:25,0
DA:26,0
DA:28,0
DA:31,0
DA:33,0
DA:34,0
DA:35,0
DA:37,0
DA:40,0
LF:20
LH:0
BRDA:11,0,0,0
BRDA:11,0,1,0
BRDA:22,1,0,0
BRDA:22,1,1,0
BRF:4
BRH:0
end_of_record
TN:
SF:src/config/index.ts
FN:12,validateProductionConfig
FN:134,(anonymous_2)
FNF:2
FNH:0
FNDA:0,validateProductionConfig
FNDA:0,(anonymous_2)
DA:1,0
DA:2,0
DA:5,0
DA:6,0
DA:13,0
DA:15,0
DA:16,0
DA:17,0
DA:18,0
DA:19,0
DA:23,0
DA:24,0
DA:25,0
DA:26,0
DA:27,0
DA:33,0
DA:35,0
DA:134,0
LF:18
LH:0
BRDA:5,0,0,0
BRDA:5,0,1,0
BRDA:13,1,0,0
BRDA:13,1,1,0
BRDA:15,2,0,0
BRDA:15,2,1,0
BRDA:16,3,0,0
BRDA:16,3,1,0
BRDA:16,4,0,0
BRDA:16,4,1,0
BRDA:23,5,0,0
BRDA:23,5,1,0
BRDA:24,6,0,0
BRDA:24,6,1,0
BRDA:24,7,0,0
BRDA:24,7,1,0
BRDA:37,8,0,0
BRDA:37,8,1,0
BRDA:38,9,0,0
BRDA:38,9,1,0
BRDA:39,10,0,0
BRDA:39,10,1,0
BRDA:40,11,0,0
BRDA:40,11,1,0
BRDA:45,12,0,0
BRDA:45,12,1,0
BRDA:47,13,0,0
BRDA:47,13,1,0
BRDA:49,14,0,0
BRDA:49,14,1,0
BRDA:51,15,0,0
BRDA:51,15,1,0
BRDA:53,16,0,0
BRDA:53,16,1,0
BRDA:57,17,0,0
BRDA:57,17,1,0
BRDA:63,18,0,0
BRDA:63,18,1,0
BRDA:64,19,0,0
BRDA:64,19,1,0
BRDA:65,20,0,0
BRDA:65,20,1,0
BRDA:66,21,0,0
BRDA:66,21,1,0
BRDA:67,22,0,0
BRDA:67,22,1,0
BRDA:73,23,0,0
BRDA:73,23,1,0
BRDA:74,24,0,0
BRDA:74,24,1,0
BRDA:75,25,0,0
BRDA:75,25,1,0
BRDA:76,26,0,0
BRDA:76,26,1,0
BRDA:77,27,0,0
BRDA:77,27,1,0
BRDA:79,28,0,0
BRDA:79,28,1,0
BRDA:80,29,0,0
BRDA:80,29,1,0
BRDA:86,30,0,0
BRDA:86,30,1,0
BRDA:87,31,0,0
BRDA:87,31,1,0
BRDA:88,32,0,0
BRDA:88,32,1,0
BRDA:89,33,0,0
BRDA:89,33,1,0
BRDA:94,34,0,0
BRDA:94,34,1,0
BRDA:94,34,2,0
BRDA:95,35,0,0
BRDA:95,35,1,0
BRDA:95,35,2,0
BRDA:96,36,0,0
BRDA:96,36,1,0
BRDA:96,36,2,0
BRDA:97,37,0,0
BRDA:97,37,1,0
BRDA:97,37,2,0
BRDA:103,38,0,0
BRDA:103,38,1,0
BRDA:104,39,0,0
BRDA:104,39,1,0
BRDA:105,40,0,0
BRDA:105,40,1,0
BRDA:109,41,0,0
BRDA:109,41,1,0
BRDA:110,42,0,0
BRDA:110,42,1,0
BRDA:114,43,0,0
BRDA:114,43,1,0
BRDA:115,44,0,0
BRDA:115,44,1,0
BRDA:119,45,0,0
BRDA:119,45,1,0
BRDA:120,46,0,0
BRDA:120,46,1,0
BRDA:121,47,0,0
BRDA:121,47,1,0
BRDA:122,48,0,0
BRDA:122,48,1,0
BRDA:123,49,0,0
BRDA:123,49,1,0
BRDA:124,50,0,0
BRDA:124,50,1,0
BRDA:124,50,2,0
BRDA:128,51,0,0
BRDA:128,51,1,0
BRDA:133,52,0,0
BRDA:133,52,1,0
BRDA:141,53,0,0
BRDA:141,53,1,0
BRDA:142,54,0,0
BRDA:142,54,1,0
BRDA:152,55,0,0
BRDA:152,55,1,0
BRDA:153,56,0,0
BRDA:153,56,1,0
BRDA:154,57,0,0
BRDA:154,57,1,0
BRDA:157,58,0,0
BRDA:157,58,1,0
BRDA:158,59,0,0
BRDA:158,59,1,0
BRDA:159,60,0,0
BRDA:159,60,1,0
BRDA:163,61,0,0
BRDA:163,61,1,0
BRDA:164,62,0,0
BRDA:164,62,1,0
BRDA:167,63,0,0
BRDA:167,63,1,0
BRDA:168,64,0,0
BRDA:168,64,1,0
BRDA:171,65,0,0
BRDA:171,65,1,0
BRDA:172,66,0,0
BRDA:172,66,1,0
BRDA:173,67,0,0
BRDA:173,67,1,0
BRDA:177,68,0,0
BRDA:177,68,1,0
BRDA:178,69,0,0
BRDA:178,69,1,0
BRDA:179,70,0,0
BRDA:179,70,1,0
BRDA:182,71,0,0
BRDA:182,71,1,0
BRF:149
BRH:0
end_of_record
TN:
SF:src/config/security.ts
FN:97,createCORSConfig
FN:99,(anonymous_1)
FN:139,generateHSTSHeader
FN:159,validateUrlLength
FN:181,getDatabaseSSLConfig
FNF:5
FNH:0
FNDA:0,createCORSConfig
FNDA:0,(anonymous_1)
FNDA:0,generateHSTSHeader
FNDA:0,validateUrlLength
FNDA:0,getDatabaseSSLConfig
DA:59,0
DA:68,0
DA:78,0
DA:97,0
DA:98,0
DA:101,0
DA:102,0
DA:106,0
DA:107,0
DA:111,0
DA:112,0
DA:116,0
DA:139,0
DA:140,0
DA:142,0
DA:143,0
DA:146,0
DA:147,0
DA:150,0
DA:159,0
DA:160,0
DA:181,0
DA:182,0
DA:185,0
DA:186,0
DA:195,0
DA:196,0
DA:201,0
DA:208,0
DA:218,0
LF:30
LH:0
BRDA:101,0,0,0
BRDA:101,0,1,0
BRDA:106,1,0,0
BRDA:106,1,1,0
BRDA:111,2,0,0
BRDA:111,2,1,0
BRDA:139,3,0,0
BRDA:142,4,0,0
BRDA:142,4,1,0
BRDA:146,5,0,0
BRDA:146,5,1,0
BRDA:159,6,0,0
BRDA:182,7,0,0
BRDA:182,7,1,0
BRDA:185,8,0,0
BRDA:185,8,1,0
BRDA:195,9,0,0
BRDA:195,9,1,0
BRF:18
BRH:0
end_of_record
TN:
SF:src/database/index.ts
FN:30,testConnection
FN:42,runMigrations
FN:53,runSeeds
FNF:3
FNH:0
FNDA:0,testConnection
FNDA:0,runMigrations
FNDA:0,runSeeds
DA:1,0
DA:3,0
DA:5,0
DA:27,0
DA:30,0
DA:31,0
DA:32,0
DA:33,0
DA:34,0
DA:36,0
DA:37,0
DA:42,0
DA:43,0
DA:44,0
DA:45,0
DA:47,0
DA:48,0
DA:53,0
DA:54,0
DA:55,0
DA:56,0
DA:58,0
DA:59,0
LF:23
LH:0
BRDA:8,0,0,0
BRDA:8,0,1,0
BRDA:9,1,0,0
BRDA:9,1,1,0
BRDA:10,2,0,0
BRDA:10,2,1,0
BRDA:11,3,0,0
BRDA:11,3,1,0
BRDA:12,4,0,0
BRDA:12,4,1,0
BRF:10
BRH:0
end_of_record
TN:
SF:src/middlewares/auth.ts
FN:20,authMiddleware
FN:83,optionalAuthMiddleware
FN:123,requireRoles
FN:124,(anonymous_3)
FN:144,requireSuperAdmin
FN:155,requireAdmin
FNF:6
FNH:0
FNDA:0,authMiddleware
FNDA:0,optionalAuthMiddleware
FNDA:0,requireRoles
FNDA:0,(anonymous_3)
FNDA:0,requireSuperAdmin
FNDA:0,requireAdmin
DA:2,0
DA:3,0
DA:4,0
DA:20,0
DA:25,0
DA:27,0
DA:28,0
DA:30,0
DA:31,0
DA:35,0
DA:36,0
DA:41,0
DA:42,0
DA:44,0
DA:45,0
DA:46,0
DA:48,0
DA:49,0
DA:52,0
DA:56,0
DA:57,0
DA:61,0
DA:65,0
DA:66,0
DA:70,0
DA:71,0
DA:73,0
DA:75,0
DA:83,0
DA:88,0
DA:89,0
DA:90,0
DA:92,0
DA:93,0
DA:96,0
DA:97,0
DA:98,0
DA:99,0
DA:103,0
DA:104,0
DA:105,0
DA:112,0
DA:114,0
DA:123,0
DA:124,0
DA:125,0
DA:126,0
DA:127,0
DA:130,0
DA:131,0
DA:134,0
DA:136,0
DA:144,0
DA:149,0
DA:155,0
DA:160,0
LF:56
LH:0
BRDA:30,0,0,0
BRDA:30,0,1,0
BRDA:35,1,0,0
BRDA:35,1,1,0
BRDA:44,2,0,0
BRDA:44,2,1,0
BRDA:45,3,0,0
BRDA:45,3,1,0
BRDA:48,4,0,0
BRDA:48,4,1,0
BRDA:56,5,0,0
BRDA:56,5,1,0
BRDA:65,6,0,0
BRDA:65,6,1,0
BRDA:92,7,0,0
BRDA:92,7,1,0
BRDA:92,8,0,0
BRDA:92,8,1,0
BRDA:98,9,0,0
BRDA:98,9,1,0
BRDA:103,10,0,0
BRDA:103,10,1,0
BRDA:126,11,0,0
BRDA:126,11,1,0
BRDA:130,12,0,0
BRDA:130,12,1,0
BRF:26
BRH:0
end_of_record
TN:
SF:src/middlewares/errorHandler.ts
FN:14,(anonymous_0)
FN:160,redactSensitiveBody
FN:180,redactSensitiveHeaders
FN:197,(anonymous_3)
FNF:4
FNH:0
FNDA:0,(anonymous_0)
FNDA:0,redactSensitiveBody
FNDA:0,redactSensitiveHeaders
FNDA:0,(anonymous_3)
DA:2,0
DA:3,0
DA:4,0
DA:14,0
DA:20,0
DA:23,0
DA:24,0
DA:25,0
DA:26,0
DA:29,0
DA:48,0
DA:59,0
DA:60,0
DA:63,0
DA:64,0
DA:68,0
DA:69,0
DA:75,0
DA:86,0
DA:89,0
DA:90,0
DA:96,0
DA:107,0
DA:111,0
DA:112,0
DA:113,0
DA:116,0
DA:136,0
DA:146,0
DA:147,0
DA:150,0
DA:151,0
DA:154,0
DA:161,0
DA:162,0
DA:165,0
DA:166,0
DA:168,0
DA:169,0
DA:170,0
DA:174,0
DA:181,0
DA:182,0
DA:185,0
DA:186,0
DA:188,0
DA:189,0
DA:190,0
DA:194,0
DA:197,0
DA:203,0
DA:204,0
DA:205,0
DA:206,0
DA:207,0
LF:55
LH:0
BRDA:23,0,0,0
BRDA:23,0,1,0
BRDA:23,1,0,0
BRDA:23,1,1,0
BRDA:23,1,2,0
BRDA:24,2,0,0
BRDA:24,2,1,0
BRDA:25,3,0,0
BRDA:25,3,1,0
BRDA:26,4,0,0
BRDA:26,4,1,0
BRDA:51,5,0,0
BRDA:51,5,1,0
BRDA:51,6,0,0
BRDA:51,6,1,0
BRDA:59,7,0,0
BRDA:59,7,1,0
BRDA:59,8,0,0
BRDA:59,8,1,0
BRDA:68,9,0,0
BRDA:68,9,1,0
BRDA:89,10,0,0
BRDA:89,10,1,0
BRDA:111,11,0,0
BRDA:111,11,1,0
BRDA:112,12,0,0
BRDA:112,12,1,0
BRDA:113,13,0,0
BRDA:113,13,1,0
BRDA:139,14,0,0
BRDA:139,14,1,0
BRDA:146,15,0,0
BRDA:146,15,1,0
BRDA:150,16,0,0
BRDA:150,16,1,0
BRDA:161,17,0,0
BRDA:161,17,1,0
BRDA:161,18,0,0
BRDA:161,18,1,0
BRDA:169,19,0,0
BRDA:169,19,1,0
BRDA:181,20,0,0
BRDA:181,20,1,0
BRDA:181,21,0,0
BRDA:181,21,1,0
BRDA:189,22,0,0
BRDA:189,22,1,0
BRDA:199,23,0,0
BRDA:200,24,0,0
BRF:49
BRH:0
end_of_record
TN:
SF:src/middlewares/performance.ts
FN:35,requestTimer
FN:38,(anonymous_2)
FN:46,(anonymous_3)
FN:81,smartCompression
FN:88,(anonymous_5)
FN:120,cacheControl
FN:121,(anonymous_7)
FN:139,queryOptimizer
FN:175,dbQueryOptimizer
FN:176,(anonymous_10)
FN:190,(anonymous_11)
FN:199,(anonymous_12)
FN:214,connectionPoolMonitor
FN:217,(anonymous_14)
FN:238,responseOptimizer
FN:241,(anonymous_16)
FN:263,optimizeResponseData
FN:265,(anonymous_18)
FN:298,batchOptimizer
FN:301,(anonymous_20)
FN:310,(anonymous_21)
FN:338,generatePerformanceReport
FNF:22
FNH:0
FNDA:0,requestTimer
FNDA:0,(anonymous_2)
FNDA:0,(anonymous_3)
FNDA:0,smartCompression
FNDA:0,(anonymous_5)
FNDA:0,cacheControl
FNDA:0,(anonymous_7)
FNDA:0,queryOptimizer
FNDA:0,dbQueryOptimizer
FNDA:0,(anonymous_10)
FNDA:0,(anonymous_11)
FNDA:0,(anonymous_12)
FNDA:0,connectionPoolMonitor
FNDA:0,(anonymous_14)
FNDA:0,responseOptimizer
FNDA:0,(anonymous_16)
FNDA:0,optimizeResponseData
FNDA:0,(anonymous_18)
FNDA:0,batchOptimizer
FNDA:0,(anonymous_20)
FNDA:0,(anonymous_21)
FNDA:0,generatePerformanceReport
DA:7,0
DA:8,0
DA:21,0
DA:35,0
DA:36,0
DA:38,0
DA:39,0
DA:40,0
DA:43,0
DA:46,0
DA:47,0
DA:48,0
DA:51,0
DA:62,0
DA:63,0
DA:64,0
DA:65,0
DA:69,0
DA:70,0
DA:73,0
DA:81,0
DA:82,0
DA:89,0
DA:92,0
DA:93,0
DA:97,0
DA:98,0
DA:102,0
DA:107,0
DA:111,0
DA:120,0
DA:121,0
DA:122,0
DA:123,0
DA:126,0
DA:127,0
DA:128,0
DA:131,0
DA:139,0
DA:141,0
DA:142,0
DA:143,0
DA:144,0
DA:145,0
DA:150,0
DA:151,0
DA:153,0
DA:154,0
DA:158,0
DA:159,0
DA:161,0
DA:162,0
DA:164,0
DA:165,0
DA:168,0
DA:175,0
DA:176,0
DA:178,0
DA:191,0
DA:200,0
DA:201,0
DA:206,0
DA:214,0
DA:215,0
DA:217,0
DA:218,0
DA:221,0
DA:222,0
DA:231,0
DA:238,0
DA:239,0
DA:241,0
DA:243,0
DA:246,0
DA:247,0
DA:253,0
DA:256,0
DA:264,0
DA:265,0
DA:268,0
DA:269,0
DA:271,0
DA:273,0
DA:276,0
DA:279,0
DA:280,0
DA:281,0
DA:282,0
DA:284,0
DA:288,0
DA:291,0
DA:298,0
DA:299,0
DA:302,0
DA:303,0
DA:304,0
DA:306,0
DA:315,0
DA:316,0
DA:317,0
DA:319,0
DA:320,0
DA:321,0
DA:322,0
DA:324,0
DA:325,0
DA:329,0
DA:338,0
DA:349,0
DA:360,0
LF:110
LH:0
BRDA:22,0,0,0
BRDA:22,0,1,0
BRDA:35,1,0,0
BRDA:40,2,0,0
BRDA:40,2,1,0
BRDA:62,3,0,0
BRDA:62,3,1,0
BRDA:62,4,0,0
BRDA:62,4,1,0
BRDA:64,5,0,0
BRDA:64,5,1,0
BRDA:92,6,0,0
BRDA:92,6,1,0
BRDA:92,7,0,0
BRDA:92,7,1,0
BRDA:97,8,0,0
BRDA:97,8,1,0
BRDA:97,9,0,0
BRDA:97,9,1,0
BRDA:102,10,0,0
BRDA:102,10,1,0
BRDA:102,11,0,0
BRDA:102,11,1,0
BRDA:102,11,2,0
BRDA:102,11,3,0
BRDA:102,11,4,0
BRDA:120,12,0,0
BRDA:126,13,0,0
BRDA:126,13,1,0
BRDA:142,14,0,0
BRDA:142,14,1,0
BRDA:144,15,0,0
BRDA:144,15,1,0
BRDA:150,16,0,0
BRDA:150,16,1,0
BRDA:153,17,0,0
BRDA:153,17,1,0
BRDA:161,18,0,0
BRDA:161,18,1,0
BRDA:161,19,0,0
BRDA:161,19,1,0
BRDA:164,20,0,0
BRDA:164,20,1,0
BRDA:164,21,0,0
BRDA:164,21,1,0
BRDA:200,22,0,0
BRDA:200,22,1,0
BRDA:221,23,0,0
BRDA:221,23,1,0
BRDA:246,24,0,0
BRDA:246,24,1,0
BRDA:246,25,0,0
BRDA:246,25,1,0
BRDA:264,26,0,0
BRDA:264,26,1,0
BRDA:268,27,0,0
BRDA:268,27,1,0
BRDA:268,28,0,0
BRDA:268,28,1,0
BRDA:273,29,0,0
BRDA:273,29,1,0
BRDA:276,30,0,0
BRDA:276,30,1,0
BRDA:279,31,0,0
BRDA:279,31,1,0
BRDA:281,32,0,0
BRDA:281,32,1,0
BRDA:298,33,0,0
BRF:68
BRH:0
end_of_record
TN:
SF:src/middlewares/requestLogger.ts
FN:26,sanitizeSensitiveData
FN:32,(anonymous_1)
FN:39,(anonymous_2)
FN:69,(anonymous_3)
FN:75,(anonymous_4)
FNF:5
FNH:0
FNDA:0,sanitizeSensitiveData
FNDA:0,(anonymous_1)
FNDA:0,(anonymous_2)
FNDA:0,(anonymous_3)
FNDA:0,(anonymous_4)
DA:2,0
DA:5,0
DA:27,0
DA:28,0
DA:31,0
DA:32,0
DA:35,0
DA:37,0
DA:38,0
DA:39,0
DA:40,0
DA:43,0
DA:44,0
DA:45,0
DA:47,0
DA:48,0
DA:50,0
DA:53,0
DA:55,0
DA:56,0
DA:60,0
DA:64,0
DA:69,0
DA:70,0
DA:73,0
DA:75,0
DA:76,0
DA:79,0
DA:80,0
DA:82,0
DA:96,0
DA:97,0
DA:99,0
DA:103,0
LF:34
LH:0
BRDA:27,0,0,0
BRDA:27,0,1,0
BRDA:27,1,0,0
BRDA:27,1,1,0
BRDA:31,2,0,0
BRDA:31,2,1,0
BRDA:43,3,0,0
BRDA:43,3,1,0
BRDA:45,4,0,0
BRDA:45,4,1,0
BRDA:47,5,0,0
BRDA:47,5,1,0
BRDA:55,6,0,0
BRDA:55,6,1,0
BRDA:64,7,0,0
BRDA:64,7,1,0
BRDA:92,8,0,0
BRDA:92,8,1,0
BRDA:93,9,0,0
BRDA:93,9,1,0
BRDA:96,10,0,0
BRDA:96,10,1,0
BRF:22
BRH:0
end_of_record
TN:
SF:src/middlewares/validation.ts
FN:167,validateValue
FN:229,validateData
FN:251,validate
FN:252,(anonymous_3)
FN:275,(anonymous_4)
FN:364,(anonymous_5)
FN:374,(anonymous_6)
FN:429,(anonymous_7)
FN:519,(anonymous_8)
FN:529,(anonymous_9)
FN:899,(anonymous_10)
FN:909,(anonymous_11)
FN:940,(anonymous_12)
FN:949,(anonymous_13)
FN:969,(anonymous_14)
FN:979,(anonymous_15)
FNF:16
FNH:0
FNDA:0,validateValue
FNDA:0,validateData
FNDA:0,validate
FNDA:0,(anonymous_3)
FNDA:0,(anonymous_4)
FNDA:0,(anonymous_5)
FNDA:0,(anonymous_6)
FNDA:0,(anonymous_7)
FNDA:0,(anonymous_8)
FNDA:0,(anonymous_9)
FNDA:0,(anonymous_10)
FNDA:0,(anonymous_11)
FNDA:0,(anonymous_12)
FNDA:0,(anonymous_13)
FNDA:0,(anonymous_14)
FNDA:0,(anonymous_15)
DA:2,0
DA:7,0
DA:173,0
DA:174,0
DA:178,0
DA:179,0
DA:183,0
DA:184,0
DA:185,0
DA:186,0
DA:191,0
DA:192,0
DA:193,0
DA:195,0
DA:196,0
DA:198,0
DA:199,0
DA:204,0
DA:205,0
DA:206,0
DA:208,0
DA:209,0
DA:214,0
DA:215,0
DA:219,0
DA:220,0
DA:223,0
DA:234,0
DA:236,0
DA:237,0
DA:238,0
DA:240,0
DA:241,0
DA:245,0
DA:251,0
DA:252,0
DA:253,0
DA:256,0
DA:257,0
DA:258,0
DA:262,0
DA:263,0
DA:264,0
DA:268,0
DA:269,0
DA:270,0
DA:274,0
DA:275,0
DA:276,0
DA:277,0
DA:280,0
DA:287,0
DA:365,0
DA:366,0
DA:367,0
DA:369,0
DA:375,0
DA:376,0
DA:377,0
DA:379,0
DA:430,0
DA:431,0
DA:432,0
DA:434,0
DA:444,0
DA:520,0
DA:521,0
DA:522,0
DA:524,0
DA:530,0
DA:531,0
DA:532,0
DA:534,0
DA:668,0
DA:900,0
DA:901,0
DA:902,0
DA:904,0
DA:910,0
DA:911,0
DA:912,0
DA:914,0
DA:941,0
DA:942,0
DA:944,0
DA:950,0
DA:951,0
DA:952,0
DA:954,0
DA:970,0
DA:971,0
DA:972,0
DA:974,0
DA:980,0
DA:981,0
DA:983,0
DA:1036,0
LF:97
LH:0
BRDA:173,0,0,0
BRDA:173,0,1,0
BRDA:173,1,0,0
BRDA:173,1,1,0
BRDA:173,1,2,0
BRDA:173,1,3,0
BRDA:174,2,0,0
BRDA:174,2,1,0
BRDA:178,3,0,0
BRDA:178,3,1,0
BRDA:178,4,0,0
BRDA:178,4,1,0
BRDA:178,4,2,0
BRDA:183,5,0,0
BRDA:183,5,1,0
BRDA:184,6,0,0
BRDA:184,6,1,0
BRDA:185,7,0,0
BRDA:185,7,1,0
BRDA:191,8,0,0
BRDA:191,8,1,0
BRDA:192,9,0,0
BRDA:192,9,1,0
BRDA:192,10,0,0
BRDA:192,10,1,0
BRDA:195,11,0,0
BRDA:195,11,1,0
BRDA:195,12,0,0
BRDA:195,12,1,0
BRDA:198,13,0,0
BRDA:198,13,1,0
BRDA:198,14,0,0
BRDA:198,14,1,0
BRDA:199,15,0,0
BRDA:199,15,1,0
BRDA:204,16,0,0
BRDA:204,16,1,0
BRDA:205,17,0,0
BRDA:205,17,1,0
BRDA:205,18,0,0
BRDA:205,18,1,0
BRDA:208,19,0,0
BRDA:208,19,1,0
BRDA:208,20,0,0
BRDA:208,20,1,0
BRDA:214,21,0,0
BRDA:214,21,1,0
BRDA:214,22,0,0
BRDA:214,22,1,0
BRDA:214,22,2,0
BRDA:219,23,0,0
BRDA:219,23,1,0
BRDA:240,24,0,0
BRDA:240,24,1,0
BRDA:256,25,0,0
BRDA:256,25,1,0
BRDA:262,26,0,0
BRDA:262,26,1,0
BRDA:268,27,0,0
BRDA:268,27,1,0
BRDA:274,28,0,0
BRDA:274,28,1,0
BRDA:366,29,0,0
BRDA:366,29,1,0
BRDA:366,30,0,0
BRDA:366,30,1,0
BRDA:376,31,0,0
BRDA:376,31,1,0
BRDA:376,32,0,0
BRDA:376,32,1,0
BRDA:376,32,2,0
BRDA:431,33,0,0
BRDA:431,33,1,0
BRDA:431,34,0,0
BRDA:431,34,1,0
BRDA:431,34,2,0
BRDA:521,35,0,0
BRDA:521,35,1,0
BRDA:521,36,0,0
BRDA:521,36,1,0
BRDA:531,37,0,0
BRDA:531,37,1,0
BRDA:531,38,0,0
BRDA:531,38,1,0
BRDA:531,38,2,0
BRDA:901,39,0,0
BRDA:901,39,1,0
BRDA:901,40,0,0
BRDA:901,40,1,0
BRDA:911,41,0,0
BRDA:911,41,1,0
BRDA:911,42,0,0
BRDA:911,42,1,0
BRDA:911,42,2,0
BRDA:941,43,0,0
BRDA:941,43,1,0
BRDA:941,44,0,0
BRDA:941,44,1,0
BRDA:941,44,2,0
BRDA:941,44,3,0
BRDA:951,45,0,0
BRDA:951,45,1,0
BRDA:951,46,0,0
BRDA:951,46,1,0
BRDA:951,46,2,0
BRDA:971,47,0,0
BRDA:971,47,1,0
BRDA:971,48,0,0
BRDA:971,48,1,0
BRDA:971,48,2,0
BRDA:980,49,0,0
BRDA:980,49,1,0
BRDA:980,50,0,0
BRDA:980,50,1,0
BRDA:980,50,2,0
BRDA:980,50,3,0
BRF:116
BRH:0
end_of_record
TN:
SF:src/routes/auth.ts
FN:63,(anonymous_1)
FN:227,(anonymous_2)
FN:272,(anonymous_3)
FN:383,(anonymous_4)
FNF:4
FNH:0
FNDA:0,(anonymous_1)
FNDA:0,(anonymous_2)
FNDA:0,(anonymous_3)
FNDA:0,(anonymous_4)
DA:1,0
DA:2,0
DA:3,0
DA:4,0
DA:5,0
DA:6,0
DA:7,0
DA:13,0
DA:14,0
DA:15,0
DA:16,0
DA:18,0
DA:60,0
DA:64,0
DA:65,0
DA:68,0
DA:72,0
DA:74,0
DA:80,0
DA:84,0
DA:85,0
DA:91,0
DA:95,0
DA:97,0
DA:99,0
DA:106,0
DA:110,0
DA:111,0
DA:112,0
DA:117,0
DA:124,0
DA:125,0
DA:131,0
DA:136,0
DA:143,0
DA:150,0
DA:151,0
DA:154,0
DA:155,0
DA:157,0
DA:158,0
DA:159,0
DA:161,0
DA:163,0
DA:164,0
DA:166,0
DA:167,0
DA:169,0
DA:170,0
DA:175,0
DA:180,0
DA:190,0
DA:203,0
DA:215,0
DA:224,0
DA:228,0
DA:229,0
DA:231,0
DA:233,0
DA:241,0
DA:258,0
DA:260,0
DA:269,0
DA:273,0
DA:274,0
DA:277,0
DA:278,0
DA:283,0
DA:284,0
DA:286,0
DA:287,0
DA:288,0
DA:290,0
DA:291,0
DA:294,0
DA:298,0
DA:299,0
DA:303,0
DA:307,0
DA:308,0
DA:312,0
DA:319,0
DA:326,0
DA:327,0
DA:330,0
DA:331,0
DA:333,0
DA:334,0
DA:335,0
DA:337,0
DA:339,0
DA:340,0
DA:342,0
DA:343,0
DA:345,0
DA:346,0
DA:351,0
DA:359,0
DA:371,0
DA:380,0
DA:384,0
DA:385,0
DA:387,0
DA:388,0
DA:392,0
DA:407,0
DA:408,0
DA:411,0
DA:428,0
DA:433,0
LF:110
LH:0
BRDA:72,0,0,0
BRDA:72,0,1,0
BRDA:84,1,0,0
BRDA:84,1,1,0
BRDA:97,2,0,0
BRDA:97,2,1,0
BRDA:110,3,0,0
BRDA:110,3,1,0
BRDA:111,4,0,0
BRDA:111,4,1,0
BRDA:124,5,0,0
BRDA:124,5,1,0
BRDA:157,6,0,0
BRDA:157,6,1,0
BRDA:161,7,0,0
BRDA:161,7,1,0
BRDA:161,7,2,0
BRDA:231,8,0,0
BRDA:231,8,1,0
BRDA:277,9,0,0
BRDA:277,9,1,0
BRDA:277,10,0,0
BRDA:277,10,1,0
BRDA:286,11,0,0
BRDA:286,11,1,0
BRDA:287,12,0,0
BRDA:287,12,1,0
BRDA:290,13,0,0
BRDA:290,13,1,0
BRDA:298,14,0,0
BRDA:298,14,1,0
BRDA:307,15,0,0
BRDA:307,15,1,0
BRDA:333,16,0,0
BRDA:333,16,1,0
BRDA:337,17,0,0
BRDA:337,17,1,0
BRDA:337,17,2,0
BRDA:387,18,0,0
BRDA:387,18,1,0
BRDA:407,19,0,0
BRDA:407,19,1,0
BRF:42
BRH:0
end_of_record
TN:
SF:src/routes/config.ts
FN:17,(anonymous_0)
FN:30,(anonymous_1)
FN:51,(anonymous_2)
FN:76,(anonymous_3)
FN:139,(anonymous_4)
FN:176,(anonymous_5)
FN:239,(anonymous_6)
FNF:7
FNH:0
FNDA:0,(anonymous_0)
FNDA:0,(anonymous_1)
FNDA:0,(anonymous_2)
FNDA:0,(anonymous_3)
FNDA:0,(anonymous_4)
FNDA:0,(anonymous_5)
FNDA:0,(anonymous_6)
DA:1,0
DA:2,0
DA:3,0
DA:4,0
DA:6,0
DA:17,0
DA:18,0
DA:19,0
DA:21,0
DA:23,0
DA:24,0
DA:27,0
DA:29,0
DA:30,0
DA:31,0
DA:32,0
DA:34,0
DA:37,0
DA:46,0
DA:47,0
DA:51,0
DA:52,0
DA:53,0
DA:55,0
DA:59,0
DA:60,0
DA:66,0
DA:71,0
DA:72,0
DA:76,0
DA:77,0
DA:78,0
DA:79,0
DA:80,0
DA:82,0
DA:86,0
DA:87,0
DA:93,0
DA:95,0
DA:101,0
DA:102,0
DA:105,0
DA:109,0
DA:117,0
DA:124,0
DA:128,0
DA:134,0
DA:135,0
DA:139,0
DA:140,0
DA:141,0
DA:142,0
DA:143,0
DA:144,0
DA:146,0
DA:157,0
DA:161,0
DA:171,0
DA:172,0
DA:176,0
DA:177,0
DA:178,0
DA:179,0
DA:181,0
DA:185,0
DA:186,0
DA:192,0
DA:193,0
DA:199,0
DA:201,0
DA:209,0
DA:217,0
DA:224,0
DA:228,0
DA:234,0
DA:235,0
DA:239,0
DA:240,0
DA:241,0
DA:242,0
DA:244,0
DA:245,0
DA:251,0
DA:252,0
DA:254,0
DA:255,0
DA:257,0
DA:258,0
DA:262,0
DA:263,0
DA:264,0
DA:267,0
DA:269,0
DA:275,0
DA:276,0
DA:279,0
DA:283,0
DA:291,0
DA:295,0
DA:297,0
DA:301,0
DA:308,0
DA:317,0
DA:318,0
DA:322,0
LF:105
LH:0
BRDA:23,0,0,0
BRDA:23,0,1,0
BRDA:23,1,0,0
BRDA:23,1,1,0
BRDA:31,2,0,0
BRDA:31,2,1,0
BRDA:59,3,0,0
BRDA:59,3,1,0
BRDA:86,4,0,0
BRDA:86,4,1,0
BRDA:101,5,0,0
BRDA:101,5,1,0
BRDA:142,6,0,0
BRDA:142,7,0,0
BRDA:143,8,0,0
BRDA:143,8,1,0
BRDA:144,9,0,0
BRDA:144,9,1,0
BRDA:185,10,0,0
BRDA:185,10,1,0
BRDA:192,11,0,0
BRDA:192,11,1,0
BRDA:244,12,0,0
BRDA:244,12,1,0
BRDA:262,13,0,0
BRDA:262,13,1,0
BRDA:275,14,0,0
BRDA:275,14,1,0
BRDA:313,15,0,0
BRDA:313,15,1,0
BRF:30
BRH:0
end_of_record
TN:
SF:src/routes/connections.ts
FN:11,(anonymous_0)
FN:28,(anonymous_1)
FN:34,(anonymous_2)
FN:37,(anonymous_3)
FN:42,(anonymous_4)
FN:48,(anonymous_5)
FN:79,(anonymous_6)
FN:144,(anonymous_7)
FN:184,(anonymous_8)
FN:243,(anonymous_9)
FN:260,(anonymous_10)
FN:266,(anonymous_11)
FN:274,(anonymous_12)
FN:290,(anonymous_13)
FN:304,(anonymous_14)
FN:330,(anonymous_15)
FN:342,(anonymous_16)
FN:347,(anonymous_17)
FN:359,(anonymous_18)
FN:375,(anonymous_19)
FNF:20
FNH:0
FNDA:0,(anonymous_0)
FNDA:0,(anonymous_1)
FNDA:0,(anonymous_2)
FNDA:0,(anonymous_3)
FNDA:0,(anonymous_4)
FNDA:0,(anonymous_5)
FNDA:0,(anonymous_6)
FNDA:0,(anonymous_7)
FNDA:0,(anonymous_8)
FNDA:0,(anonymous_9)
FNDA:0,(anonymous_10)
FNDA:0,(anonymous_11)
FNDA:0,(anonymous_12)
FNDA:0,(anonymous_13)
FNDA:0,(anonymous_14)
FNDA:0,(anonymous_15)
FNDA:0,(anonymous_16)
FNDA:0,(anonymous_17)
FNDA:0,(anonymous_18)
FNDA:0,(anonymous_19)
DA:1,0
DA:2,0
DA:3,0
DA:4,0
DA:5,0
DA:6,0
DA:8,0
DA:11,0
DA:12,0
DA:13,0
DA:14,0
DA:16,0
DA:17,0
DA:25,0
DA:28,0
DA:34,0
DA:37,0
DA:38,0
DA:42,0
DA:43,0
DA:44,0
DA:48,0
DA:49,0
DA:50,0
DA:64,0
DA:74,0
DA:79,0
DA:80,0
DA:81,0
DA:83,0
DA:87,0
DA:88,0
DA:91,0
DA:92,0
DA:94,0
DA:95,0
DA:97,0
DA:98,0
DA:108,0
DA:109,0
DA:116,0
DA:139,0
DA:144,0
DA:145,0
DA:146,0
DA:147,0
DA:149,0
DA:153,0
DA:154,0
DA:157,0
DA:158,0
DA:160,0
DA:161,0
DA:170,0
DA:171,0
DA:179,0
DA:184,0
DA:185,0
DA:186,0
DA:188,0
DA:189,0
DA:194,0
DA:195,0
DA:197,0
DA:198,0
DA:206,0
DA:210,0
DA:215,0
DA:216,0
DA:219,0
DA:220,0
DA:222,0
DA:229,0
DA:231,0
DA:238,0
DA:243,0
DA:244,0
DA:245,0
DA:246,0
DA:248,0
DA:249,0
DA:257,0
DA:260,0
DA:266,0
DA:269,0
DA:272,0
DA:273,0
DA:274,0
DA:275,0
DA:276,0
DA:279,0
DA:290,0
DA:299,0
DA:304,0
DA:305,0
DA:306,0
DA:308,0
DA:309,0
DA:311,0
DA:312,0
DA:320,0
DA:328,0
DA:330,0
DA:331,0
DA:332,0
DA:342,0
DA:343,0
DA:347,0
DA:348,0
DA:349,0
DA:352,0
DA:359,0
DA:370,0
DA:375,0
DA:376,0
DA:377,0
DA:379,0
DA:380,0
DA:382,0
DA:383,0
DA:390,0
DA:392,0
DA:393,0
DA:394,0
DA:400,0
DA:407,0
DA:411,0
LF:127
LH:0
BRDA:16,0,0,0
BRDA:16,0,1,0
BRDA:34,1,0,0
BRDA:34,1,1,0
BRDA:51,2,0,0
BRDA:51,2,1,0
BRDA:52,3,0,0
BRDA:52,3,1,0
BRDA:55,4,0,0
BRDA:55,4,1,0
BRDA:87,5,0,0
BRDA:87,5,1,0
BRDA:95,6,0,0
BRDA:95,6,1,0
BRDA:127,7,0,0
BRDA:127,7,1,0
BRDA:128,8,0,0
BRDA:128,8,1,0
BRDA:129,9,0,0
BRDA:129,9,1,0
BRDA:153,10,0,0
BRDA:153,10,1,0
BRDA:160,11,0,0
BRDA:160,11,1,0
BRDA:170,12,0,0
BRDA:170,12,1,0
BRDA:174,13,0,0
BRDA:174,13,1,0
BRDA:188,14,0,0
BRDA:188,14,1,0
BRDA:188,15,0,0
BRDA:188,15,1,0
BRDA:197,16,0,0
BRDA:197,16,1,0
BRDA:220,17,0,0
BRDA:220,17,1,0
BRDA:224,18,0,0
BRDA:224,18,1,0
BRDA:248,19,0,0
BRDA:248,19,1,0
BRDA:266,20,0,0
BRDA:266,20,1,0
BRDA:311,21,0,0
BRDA:311,21,1,0
BRDA:331,22,0,0
BRDA:331,22,1,0
BRDA:360,23,0,0
BRDA:360,23,1,0
BRDA:361,24,0,0
BRDA:361,24,1,0
BRDA:382,25,0,0
BRDA:382,25,1,0
BRDA:392,26,0,0
BRDA:392,26,1,0
BRDA:393,27,0,0
BRDA:393,27,1,0
BRF:56
BRH:0
end_of_record
TN:
SF:src/routes/dashboard.ts
FN:45,(anonymous_0)
FN:123,(anonymous_1)
FN:159,(anonymous_2)
FN:164,(anonymous_3)
FN:169,(anonymous_4)
FN:188,(anonymous_5)
FN:221,(anonymous_6)
FNF:7
FNH:0
FNDA:0,(anonymous_0)
FNDA:0,(anonymous_1)
FNDA:0,(anonymous_2)
FNDA:0,(anonymous_3)
FNDA:0,(anonymous_4)
FNDA:0,(anonymous_5)
FNDA:0,(anonymous_6)
DA:1,0
DA:2,0
DA:3,0
DA:4,0
DA:6,0
DA:45,0
DA:46,0
DA:47,0
DA:48,0
DA:49,0
DA:51,0
DA:59,0
DA:84,0
DA:89,0
DA:95,0
DA:96,0
DA:97,0
DA:99,0
DA:113,0
DA:118,0
DA:119,0
DA:123,0
DA:124,0
DA:125,0
DA:126,0
DA:127,0
DA:129,0
DA:130,0
DA:132,0
DA:138,0
DA:159,0
DA:164,0
DA:169,0
DA:174,0
DA:183,0
DA:184,0
DA:188,0
DA:189,0
DA:190,0
DA:191,0
DA:192,0
DA:194,0
DA:204,0
DA:206,0
DA:216,0
DA:217,0
DA:221,0
DA:222,0
DA:223,0
DA:224,0
DA:230,0
DA:240,0
DA:241,0
DA:250,0
DA:251,0
DA:260,0
DA:261,0
DA:270,0
DA:278,0
DA:283,0
DA:284,0
DA:288,0
LF:62
LH:0
BRDA:95,0,0,0
BRDA:95,0,1,0
BRDA:96,1,0,0
BRDA:96,1,1,0
BRDA:100,2,0,0
BRDA:100,2,1,0
BRDA:101,3,0,0
BRDA:101,3,1,0
BRDA:102,4,0,0
BRDA:102,4,1,0
BRDA:103,5,0,0
BRDA:103,5,1,0
BRDA:104,6,0,0
BRDA:104,6,1,0
BRDA:105,7,0,0
BRDA:105,7,1,0
BRDA:106,8,0,0
BRDA:106,8,1,0
BRDA:107,9,0,0
BRDA:107,9,1,0
BRDA:125,10,0,0
BRDA:129,11,0,0
BRDA:129,11,1,0
BRDA:130,12,0,0
BRDA:130,12,1,0
BRDA:166,13,0,0
BRDA:166,13,1,0
BRDA:190,14,0,0
BRDA:190,15,0,0
BRDA:191,16,0,0
BRDA:191,16,1,0
BRDA:192,17,0,0
BRDA:192,17,1,0
BRDA:240,18,0,0
BRDA:240,18,1,0
BRDA:240,19,0,0
BRDA:240,19,1,0
BRDA:250,20,0,0
BRDA:250,20,1,0
BRDA:250,21,0,0
BRDA:250,21,1,0
BRDA:260,22,0,0
BRDA:260,22,1,0
BRDA:260,23,0,0
BRDA:260,23,1,0
BRF:45
BRH:0
end_of_record
TN:
SF:src/routes/invites.ts
FN:10,generateInviteCode
FN:20,(anonymous_1)
FN:52,(anonymous_2)
FN:82,(anonymous_3)
FN:117,(anonymous_4)
FN:130,(anonymous_5)
FN:192,(anonymous_6)
FN:221,(anonymous_7)
FN:253,(anonymous_8)
FN:289,(anonymous_9)
FN:295,(anonymous_10)
FN:307,(anonymous_11)
FNF:12
FNH:0
FNDA:0,generateInviteCode
FNDA:0,(anonymous_1)
FNDA:0,(anonymous_2)
FNDA:0,(anonymous_3)
FNDA:0,(anonymous_4)
FNDA:0,(anonymous_5)
FNDA:0,(anonymous_6)
FNDA:0,(anonymous_7)
FNDA:0,(anonymous_8)
FNDA:0,(anonymous_9)
FNDA:0,(anonymous_10)
FNDA:0,(anonymous_11)
DA:1,0
DA:2,0
DA:3,0
DA:4,0
DA:5,0
DA:7,0
DA:11,0
DA:12,0
DA:13,0
DA:14,0
DA:16,0
DA:20,0
DA:21,0
DA:22,0
DA:23,0
DA:24,0
DA:25,0
DA:26,0
DA:28,0
DA:30,0
DA:31,0
DA:34,0
DA:35,0
DA:38,0
DA:39,0
DA:41,0
DA:47,0
DA:52,0
DA:77,0
DA:82,0
DA:83,0
DA:84,0
DA:86,0
DA:90,0
DA:91,0
DA:95,0
DA:100,0
DA:117,0
DA:125,0
DA:130,0
DA:131,0
DA:138,0
DA:140,0
DA:141,0
DA:142,0
DA:144,0
DA:145,0
DA:148,0
DA:149,0
DA:150,0
DA:151,0
DA:154,0
DA:167,0
DA:178,0
DA:180,0
DA:187,0
DA:192,0
DA:193,0
DA:194,0
DA:196,0
DA:200,0
DA:201,0
DA:204,0
DA:208,0
DA:210,0
DA:216,0
DA:221,0
DA:222,0
DA:223,0
DA:225,0
DA:229,0
DA:230,0
DA:233,0
DA:240,0
DA:242,0
DA:248,0
DA:253,0
DA:254,0
DA:255,0
DA:256,0
DA:257,0
DA:258,0
DA:259,0
DA:261,0
DA:264,0
DA:270,0
DA:278,0
DA:289,0
DA:295,0
DA:302,0
DA:307,0
DA:308,0
DA:309,0
DA:311,0
DA:312,0
DA:318,0
DA:322,0
DA:323,0
DA:327,0
DA:328,0
DA:333,0
DA:334,0
DA:339,0
DA:340,0
DA:346,0
DA:353,0
DA:354,0
DA:360,0
DA:367,0
DA:368,0
DA:370,0
DA:381,0
DA:382,0
DA:383,0
DA:387,0
DA:388,0
DA:391,0
DA:392,0
DA:393,0
DA:394,0
DA:396,0
DA:397,0
DA:400,0
DA:406,0
DA:407,0
DA:412,0
DA:413,0
DA:422,0
DA:424,0
DA:435,0
DA:439,0
LF:131
LH:0
BRDA:22,0,0,0
BRDA:22,0,1,0
BRDA:23,1,0,0
BRDA:23,1,1,0
BRDA:30,2,0,0
BRDA:30,2,1,0
BRDA:34,3,0,0
BRDA:34,3,1,0
BRDA:90,4,0,0
BRDA:90,4,1,0
BRDA:133,5,0,0
BRDA:134,6,0,0
BRDA:135,7,0,0
BRDA:136,8,0,0
BRDA:137,9,0,0
BRDA:157,10,0,0
BRDA:157,10,1,0
BRDA:178,11,0,0
BRDA:178,11,1,0
BRDA:184,12,0,0
BRDA:184,12,1,0
BRDA:200,13,0,0
BRDA:200,13,1,0
BRDA:208,14,0,0
BRDA:208,14,1,0
BRDA:229,15,0,0
BRDA:229,15,1,0
BRDA:240,16,0,0
BRDA:240,16,1,0
BRDA:283,17,0,0
BRDA:283,17,1,0
BRDA:284,18,0,0
BRDA:284,18,1,0
BRDA:285,19,0,0
BRDA:285,19,1,0
BRDA:286,20,0,0
BRDA:286,20,1,0
BRDA:287,21,0,0
BRDA:287,21,1,0
BRDA:288,22,0,0
BRDA:288,22,1,0
BRDA:311,23,0,0
BRDA:311,23,1,0
BRDA:311,24,0,0
BRDA:311,24,1,0
BRDA:322,25,0,0
BRDA:322,25,1,0
BRDA:327,26,0,0
BRDA:327,26,1,0
BRDA:327,27,0,0
BRDA:327,27,1,0
BRDA:333,28,0,0
BRDA:333,28,1,0
BRDA:339,29,0,0
BRDA:339,29,1,0
BRDA:339,30,0,0
BRDA:339,30,1,0
BRDA:339,30,2,0
BRDA:353,31,0,0
BRDA:353,31,1,0
BRDA:367,32,0,0
BRDA:367,32,1,0
BRDA:368,33,0,0
BRDA:368,33,1,0
BRDA:374,34,0,0
BRDA:374,34,1,0
BRDA:382,35,0,0
BRDA:382,35,1,0
BRDA:387,36,0,0
BRDA:387,36,1,0
BRDA:388,37,0,0
BRDA:388,37,1,0
BRDA:391,38,0,0
BRDA:391,38,1,0
BRDA:392,39,0,0
BRDA:392,39,1,0
BRDA:393,40,0,0
BRDA:393,40,1,0
BRDA:406,41,0,0
BRDA:406,41,1,0
BRDA:412,42,0,0
BRDA:412,42,1,0
BRDA:416,43,0,0
BRDA:416,43,1,0
BRF:84
BRH:0
end_of_record
TN:
SF:src/routes/isps.ts
FN:19,(anonymous_0)
FN:46,(anonymous_1)
FN:66,(anonymous_2)
FN:112,(anonymous_3)
FN:142,(anonymous_4)
FN:163,(anonymous_5)
FN:182,(anonymous_6)
FN:257,(anonymous_7)
FN:334,(anonymous_8)
FN:379,(anonymous_9)
FN:432,(anonymous_10)
FN:455,(anonymous_11)
FN:466,(anonymous_12)
FN:476,(anonymous_13)
FN:478,(anonymous_14)
FNF:15
FNH:0
FNDA:0,(anonymous_0)
FNDA:0,(anonymous_1)
FNDA:0,(anonymous_2)
FNDA:0,(anonymous_3)
FNDA:0,(anonymous_4)
FNDA:0,(anonymous_5)
FNDA:0,(anonymous_6)
FNDA:0,(anonymous_7)
FNDA:0,(anonymous_8)
FNDA:0,(anonymous_9)
FNDA:0,(anonymous_10)
FNDA:0,(anonymous_11)
FNDA:0,(anonymous_12)
FNDA:0,(anonymous_13)
FNDA:0,(anonymous_14)
DA:1,0
DA:2,0
DA:3,0
DA:4,0
DA:5,0
DA:6,0
DA:7,0
DA:9,0
DA:12,0
DA:19,0
DA:20,0
DA:21,0
DA:22,0
DA:23,0
DA:24,0
DA:25,0
DA:26,0
DA:27,0
DA:29,0
DA:32,0
DA:33,0
DA:36,0
DA:37,0
DA:40,0
DA:41,0
DA:42,0
DA:45,0
DA:46,0
DA:47,0
DA:53,0
DA:54,0
DA:57,0
DA:65,0
DA:67,0
DA:72,0
DA:88,0
DA:105,0
DA:112,0
DA:113,0
DA:114,0
DA:116,0
DA:120,0
DA:121,0
DA:125,0
DA:129,0
DA:142,0
DA:156,0
DA:163,0
DA:164,0
DA:173,0
DA:176,0
DA:177,0
DA:183,0
DA:184,0
DA:185,0
DA:186,0
DA:187,0
DA:192,0
DA:193,0
DA:199,0
DA:200,0
DA:206,0
DA:210,0
DA:211,0
DA:216,0
DA:217,0
DA:230,0
DA:232,0
DA:250,0
DA:257,0
DA:258,0
DA:259,0
DA:267,0
DA:269,0
DA:273,0
DA:274,0
DA:278,0
DA:279,0
DA:285,0
DA:286,0
DA:291,0
DA:295,0
DA:296,0
DA:297,0
DA:298,0
DA:299,0
DA:300,0
DA:302,0
DA:307,0
DA:309,0
DA:327,0
DA:334,0
DA:335,0
DA:336,0
DA:338,0
DA:342,0
DA:343,0
DA:347,0
DA:352,0
DA:354,0
DA:355,0
DA:360,0
DA:364,0
DA:366,0
DA:372,0
DA:379,0
DA:380,0
DA:381,0
DA:382,0
DA:384,0
DA:385,0
DA:389,0
DA:390,0
DA:391,0
DA:394,0
DA:395,0
DA:408,0
DA:411,0
DA:413,0
DA:425,0
DA:432,0
DA:433,0
DA:434,0
DA:441,0
DA:448,0
DA:455,0
DA:456,0
DA:457,0
DA:462,0
DA:466,0
DA:469,0
DA:476,0
DA:477,0
DA:478,0
DA:488,0
DA:495,0
DA:499,0
LF:137
LH:0
BRDA:21,0,0,0
BRDA:21,0,1,0
BRDA:22,1,0,0
BRDA:22,1,1,0
BRDA:32,2,0,0
BRDA:32,2,1,0
BRDA:36,3,0,0
BRDA:36,3,1,0
BRDA:36,4,0,0
BRDA:36,4,1,0
BRDA:40,5,0,0
BRDA:40,5,1,0
BRDA:41,6,0,0
BRDA:41,6,1,0
BRDA:45,7,0,0
BRDA:45,7,1,0
BRDA:79,8,0,0
BRDA:79,8,1,0
BRDA:81,9,0,0
BRDA:81,9,1,0
BRDA:120,10,0,0
BRDA:120,10,1,0
BRDA:140,11,0,0
BRDA:140,11,1,0
BRDA:170,12,0,0
BRDA:171,13,0,0
BRDA:172,14,0,0
BRDA:176,15,0,0
BRDA:176,15,1,0
BRDA:176,16,0,0
BRDA:176,16,1,0
BRDA:176,16,2,0
BRDA:176,16,3,0
BRDA:183,17,0,0
BRDA:183,17,1,0
BRDA:184,18,0,0
BRDA:184,18,1,0
BRDA:185,19,0,0
BRDA:185,19,1,0
BRDA:186,20,0,0
BRDA:186,20,1,0
BRDA:192,21,0,0
BRDA:192,21,1,0
BRDA:199,22,0,0
BRDA:199,22,1,0
BRDA:199,23,0,0
BRDA:199,23,1,0
BRDA:199,23,2,0
BRDA:210,24,0,0
BRDA:210,24,1,0
BRDA:230,25,0,0
BRDA:230,25,1,0
BRDA:243,26,0,0
BRDA:243,26,1,0
BRDA:273,27,0,0
BRDA:273,27,1,0
BRDA:278,28,0,0
BRDA:278,28,1,0
BRDA:278,29,0,0
BRDA:278,29,1,0
BRDA:285,30,0,0
BRDA:285,30,1,0
BRDA:285,31,0,0
BRDA:285,31,1,0
BRDA:285,31,2,0
BRDA:285,31,3,0
BRDA:295,32,0,0
BRDA:295,32,1,0
BRDA:296,33,0,0
BRDA:296,33,1,0
BRDA:297,34,0,0
BRDA:297,34,1,0
BRDA:298,35,0,0
BRDA:298,35,1,0
BRDA:299,36,0,0
BRDA:299,36,1,0
BRDA:300,37,0,0
BRDA:300,37,1,0
BRDA:307,38,0,0
BRDA:307,38,1,0
BRDA:320,39,0,0
BRDA:320,39,1,0
BRDA:342,40,0,0
BRDA:342,40,1,0
BRDA:352,41,0,0
BRDA:352,41,1,0
BRDA:354,42,0,0
BRDA:354,42,1,0
BRDA:364,43,0,0
BRDA:364,43,1,0
BRDA:389,44,0,0
BRDA:389,44,1,0
BRDA:411,45,0,0
BRDA:411,45,1,0
BRF:94
BRH:0
end_of_record
TN:
SF:src/routes/meta.ts
FN:18,(anonymous_0)
FN:20,(anonymous_1)
FN:45,(anonymous_2)
FN:47,(anonymous_3)
FN:71,(anonymous_4)
FN:73,(anonymous_5)
FN:93,(anonymous_6)
FN:95,(anonymous_7)
FN:119,(anonymous_8)
FN:121,(anonymous_9)
FN:128,(anonymous_10)
FN:135,(anonymous_11)
FN:160,(anonymous_12)
FN:162,(anonymous_13)
FN:173,(anonymous_14)
FN:183,(anonymous_15)
FN:189,(anonymous_16)
FNF:17
FNH:0
FNDA:0,(anonymous_0)
FNDA:0,(anonymous_1)
FNDA:0,(anonymous_2)
FNDA:0,(anonymous_3)
FNDA:0,(anonymous_4)
FNDA:0,(anonymous_5)
FNDA:0,(anonymous_6)
FNDA:0,(anonymous_7)
FNDA:0,(anonymous_8)
FNDA:0,(anonymous_9)
FNDA:0,(anonymous_10)
FNDA:0,(anonymous_11)
FNDA:0,(anonymous_12)
FNDA:0,(anonymous_13)
FNDA:0,(anonymous_14)
FNDA:0,(anonymous_15)
FNDA:0,(anonymous_16)
DA:1,0
DA:2,0
DA:3,0
DA:13,0
DA:18,0
DA:19,0
DA:20,0
DA:31,0
DA:38,0
DA:45,0
DA:46,0
DA:47,0
DA:57,0
DA:64,0
DA:71,0
DA:72,0
DA:73,0
DA:79,0
DA:86,0
DA:93,0
DA:94,0
DA:95,0
DA:105,0
DA:112,0
DA:119,0
DA:120,0
DA:121,0
DA:128,0
DA:135,0
DA:142,0
DA:153,0
DA:160,0
DA:161,0
DA:162,0
DA:173,0
DA:183,0
DA:189,0
DA:199,0
DA:211,0
DA:215,0
LF:40
LH:0
BRDA:137,0,0,0
BRDA:137,0,1,0
BRF:2
BRH:0
end_of_record
TN:
SF:src/routes/nodes.ts
FN:28,(anonymous_0)
FN:122,(anonymous_1)
FN:182,(anonymous_2)
FN:273,(anonymous_3)
FN:503,(anonymous_4)
FN:696,(anonymous_5)
FN:739,(anonymous_6)
FN:776,(anonymous_7)
FN:813,(anonymous_8)
FN:866,(anonymous_9)
FN:916,(anonymous_10)
FN:962,(anonymous_11)
FN:1034,(anonymous_12)
FN:1045,(anonymous_13)
FN:1053,(anonymous_14)
FN:1064,(anonymous_15)
FN:1072,(anonymous_16)
FN:1074,(anonymous_17)
FN:1097,(anonymous_18)
FN:1099,(anonymous_19)
FN:1121,(anonymous_20)
FN:1133,(anonymous_21)
FN:1141,(anonymous_22)
FN:1205,(anonymous_23)
FN:1209,(anonymous_24)
FN:1213,(anonymous_25)
FN:1218,(anonymous_26)
FN:1219,(anonymous_27)
FN:1221,(anonymous_28)
FN:1225,(anonymous_29)
FN:1229,(anonymous_30)
FN:1241,(anonymous_31)
FN:1284,(anonymous_32)
FN:1294,(anonymous_33)
FN:1343,(anonymous_34)
FN:1375,(anonymous_35)
FN:1420,(anonymous_36)
FN:1435,(anonymous_37)
FN:1448,buildInboundConfig
FNF:39
FNH:0
FNDA:0,(anonymous_0)
FNDA:0,(anonymous_1)
FNDA:0,(anonymous_2)
FNDA:0,(anonymous_3)
FNDA:0,(anonymous_4)
FNDA:0,(anonymous_5)
FNDA:0,(anonymous_6)
FNDA:0,(anonymous_7)
FNDA:0,(anonymous_8)
FNDA:0,(anonymous_9)
FNDA:0,(anonymous_10)
FNDA:0,(anonymous_11)
FNDA:0,(anonymous_12)
FNDA:0,(anonymous_13)
FNDA:0,(anonymous_14)
FNDA:0,(anonymous_15)
FNDA:0,(anonymous_16)
FNDA:0,(anonymous_17)
FNDA:0,(anonymous_18)
FNDA:0,(anonymous_19)
FNDA:0,(anonymous_20)
FNDA:0,(anonymous_21)
FNDA:0,(anonymous_22)
FNDA:0,(anonymous_23)
FNDA:0,(anonymous_24)
FNDA:0,(anonymous_25)
FNDA:0,(anonymous_26)
FNDA:0,(anonymous_27)
FNDA:0,(anonymous_28)
FNDA:0,(anonymous_29)
FNDA:0,(anonymous_30)
FNDA:0,(anonymous_31)
FNDA:0,(anonymous_32)
FNDA:0,(anonymous_33)
FNDA:0,(anonymous_34)
FNDA:0,(anonymous_35)
FNDA:0,(anonymous_36)
FNDA:0,(anonymous_37)
FNDA:0,buildInboundConfig
DA:1,0
DA:2,0
DA:3,0
DA:4,0
DA:5,0
DA:6,0
DA:8,0
DA:9,0
DA:10,0
DA:11,0
DA:20,0
DA:21,0
DA:23,0
DA:24,0
DA:25,0
DA:28,0
DA:29,0
DA:30,0
DA:31,0
DA:32,0
DA:33,0
DA:34,0
DA:35,0
DA:36,0
DA:37,0
DA:38,0
DA:39,0
DA:41,0
DA:42,0
DA:43,0
DA:44,0
DA:45,0
DA:47,0
DA:49,0
DA:50,0
DA:53,0
DA:54,0
DA:57,0
DA:58,0
DA:62,0
DA:63,0
DA:66,0
DA:67,0
DA:70,0
DA:71,0
DA:72,0
DA:75,0
DA:76,0
DA:77,0
DA:78,0
DA:83,0
DA:84,0
DA:87,0
DA:88,0
DA:91,0
DA:92,0
DA:95,0
DA:96,0
DA:97,0
DA:98,0
DA:102,0
DA:103,0
DA:104,0
DA:107,0
DA:108,0
DA:110,0
DA:117,0
DA:122,0
DA:177,0
DA:182,0
DA:183,0
DA:184,0
DA:186,0
DA:191,0
DA:192,0
DA:196,0
DA:197,0
DA:198,0
DA:199,0
DA:200,0
DA:214,0
DA:268,0
DA:273,0
DA:274,0
DA:302,0
DA:305,0
DA:306,0
DA:312,0
DA:313,0
DA:319,0
DA:320,0
DA:326,0
DA:327,0
DA:332,0
DA:333,0
DA:338,0
DA:339,0
DA:345,0
DA:346,0
DA:347,0
DA:353,0
DA:357,0
DA:358,0
DA:363,0
DA:403,0
DA:404,0
DA:405,0
DA:415,0
DA:423,0
DA:424,0
DA:426,0
DA:432,0
DA:433,0
DA:447,0
DA:449,0
DA:498,0
DA:503,0
DA:504,0
DA:505,0
DA:533,0
DA:535,0
DA:540,0
DA:541,0
DA:545,0
DA:546,0
DA:552,0
DA:553,0
DA:559,0
DA:560,0
DA:566,0
DA:567,0
DA:572,0
DA:573,0
DA:578,0
DA:579,0
DA:584,0
DA:588,0
DA:589,0
DA:590,0
DA:591,0
DA:592,0
DA:593,0
DA:594,0
DA:595,0
DA:596,0
DA:597,0
DA:598,0
DA:599,0
DA:601,0
DA:602,0
DA:603,0
DA:604,0
DA:605,0
DA:606,0
DA:608,0
DA:609,0
DA:610,0
DA:611,0
DA:612,0
DA:613,0
DA:615,0
DA:620,0
DA:625,0
DA:626,0
DA:640,0
DA:642,0
DA:691,0
DA:696,0
DA:697,0
DA:698,0
DA:700,0
DA:705,0
DA:706,0
DA:710,0
DA:711,0
DA:712,0
DA:714,0
DA:718,0
DA:723,0
DA:724,0
DA:726,0
DA:728,0
DA:734,0
DA:739,0
DA:740,0
DA:741,0
DA:743,0
DA:748,0
DA:749,0
DA:752,0
DA:760,0
DA:761,0
DA:763,0
DA:765,0
DA:771,0
DA:776,0
DA:777,0
DA:778,0
DA:780,0
DA:785,0
DA:786,0
DA:789,0
DA:797,0
DA:798,0
DA:800,0
DA:802,0
DA:808,0
DA:813,0
DA:814,0
DA:815,0
DA:816,0
DA:818,0
DA:823,0
DA:824,0
DA:828,0
DA:830,0
DA:831,0
DA:836,0
DA:839,0
DA:841,0
DA:861,0
DA:866,0
DA:867,0
DA:868,0
DA:870,0
DA:875,0
DA:876,0
DA:879,0
DA:881,0
DA:882,0
DA:887,0
DA:889,0
DA:890,0
DA:894,0
DA:895,0
DA:897,0
DA:911,0
DA:916,0
DA:917,0
DA:918,0
DA:920,0
DA:925,0
DA:926,0
DA:930,0
DA:931,0
DA:932,0
DA:933,0
DA:935,0
DA:937,0
DA:938,0
DA:939,0
DA:940,0
DA:942,0
DA:943,0
DA:946,0
DA:957,0
DA:962,0
DA:963,0
DA:964,0
DA:966,0
DA:971,0
DA:972,0
DA:976,0
DA:977,0
DA:978,0
DA:980,0
DA:981,0
DA:982,0
DA:984,0
DA:987,0
DA:1022,0
DA:1029,0
DA:1034,0
DA:1035,0
DA:1036,0
DA:1041,0
DA:1045,0
DA:1048,0
DA:1053,0
DA:1054,0
DA:1055,0
DA:1060,0
DA:1064,0
DA:1067,0
DA:1072,0
DA:1073,0
DA:1074,0
DA:1085,0
DA:1092,0
DA:1097,0
DA:1098,0
DA:1099,0
DA:1109,0
DA:1116,0
DA:1121,0
DA:1122,0
DA:1123,0
DA:1129,0
DA:1133,0
DA:1136,0
DA:1141,0
DA:1142,0
DA:1143,0
DA:1144,0
DA:1145,0
DA:1146,0
DA:1148,0
DA:1152,0
DA:1157,0
DA:1163,0
DA:1169,0
DA:1175,0
DA:1181,0
DA:1187,0
DA:1195,0
DA:1206,0
DA:1207,0
DA:1210,0
DA:1211,0
DA:1214,0
DA:1215,0
DA:1218,0
DA:1219,0
DA:1222,0
DA:1223,0
DA:1226,0
DA:1227,0
DA:1230,0
DA:1231,0
DA:1236,0
DA:1241,0
DA:1242,0
DA:1243,0
DA:1245,0
DA:1250,0
DA:1251,0
DA:1255,0
DA:1258,0
DA:1259,0
DA:1262,0
DA:1264,0
DA:1265,0
DA:1266,0
DA:1272,0
DA:1279,0
DA:1284,0
DA:1285,0
DA:1286,0
DA:1289,0
DA:1294,0
DA:1295,0
DA:1296,0
DA:1300,0
DA:1302,0
DA:1304,0
DA:1305,0
DA:1306,0
DA:1321,0
DA:1322,0
DA:1331,0
DA:1338,0
DA:1343,0
DA:1344,0
DA:1345,0
DA:1347,0
DA:1352,0
DA:1353,0
DA:1356,0
DA:1357,0
DA:1359,0
DA:1370,0
DA:1375,0
DA:1376,0
DA:1377,0
DA:1378,0
DA:1380,0
DA:1385,0
DA:1386,0
DA:1390,0
DA:1398,0
DA:1399,0
DA:1400,0
DA:1404,0
DA:1407,0
DA:1409,0
DA:1415,0
DA:1420,0
DA:1421,0
DA:1422,0
DA:1424,0
DA:1425,0
DA:1426,0
DA:1428,0
DA:1435,0
DA:1443,0
DA:1449,0
DA:1461,0
DA:1463,0
DA:1467,0
DA:1480,0
DA:1483,0
DA:1486,0
DA:1496,0
DA:1499,0
DA:1502,0
DA:1507,0
DA:1510,0
DA:1514,0
DA:1517,0
DA:1520,0
DA:1523,0
LF:411
LH:0
BRDA:30,0,0,0
BRDA:30,0,1,0
BRDA:31,1,0,0
BRDA:31,1,1,0
BRDA:49,2,0,0
BRDA:49,2,1,0
BRDA:53,3,0,0
BRDA:53,3,1,0
BRDA:57,4,0,0
BRDA:57,4,1,0
BRDA:62,5,0,0
BRDA:62,5,1,0
BRDA:62,6,0,0
BRDA:62,6,1,0
BRDA:66,7,0,0
BRDA:66,7,1,0
BRDA:70,8,0,0
BRDA:70,8,1,0
BRDA:71,9,0,0
BRDA:71,9,1,0
BRDA:75,10,0,0
BRDA:75,10,1,0
BRDA:77,11,0,0
BRDA:77,11,1,0
BRDA:83,12,0,0
BRDA:83,12,1,0
BRDA:83,13,0,0
BRDA:83,13,1,0
BRDA:87,14,0,0
BRDA:87,14,1,0
BRDA:87,15,0,0
BRDA:87,15,1,0
BRDA:91,16,0,0
BRDA:91,16,1,0
BRDA:95,17,0,0
BRDA:95,17,1,0
BRDA:97,18,0,0
BRDA:97,18,1,0
BRDA:102,19,0,0
BRDA:102,19,1,0
BRDA:103,20,0,0
BRDA:103,20,1,0
BRDA:142,21,0,0
BRDA:142,21,1,0
BRDA:143,22,0,0
BRDA:143,22,1,0
BRDA:144,23,0,0
BRDA:144,23,1,0
BRDA:145,24,0,0
BRDA:145,24,1,0
BRDA:146,25,0,0
BRDA:146,25,1,0
BRDA:147,26,0,0
BRDA:147,26,1,0
BRDA:148,27,0,0
BRDA:148,27,1,0
BRDA:150,28,0,0
BRDA:150,28,1,0
BRDA:151,29,0,0
BRDA:151,29,1,0
BRDA:151,30,0,0
BRDA:151,30,1,0
BRDA:152,31,0,0
BRDA:152,31,1,0
BRDA:153,32,0,0
BRDA:153,32,1,0
BRDA:153,33,0,0
BRDA:153,33,1,0
BRDA:154,34,0,0
BRDA:154,34,1,0
BRDA:156,35,0,0
BRDA:156,35,1,0
BRDA:157,36,0,0
BRDA:157,36,1,0
BRDA:158,37,0,0
BRDA:158,37,1,0
BRDA:159,38,0,0
BRDA:159,38,1,0
BRDA:160,39,0,0
BRDA:160,39,1,0
BRDA:191,40,0,0
BRDA:191,40,1,0
BRDA:197,41,0,0
BRDA:197,41,1,0
BRDA:199,42,0,0
BRDA:199,42,1,0
BRDA:238,43,0,0
BRDA:238,43,1,0
BRDA:239,44,0,0
BRDA:239,44,1,0
BRDA:240,45,0,0
BRDA:240,45,1,0
BRDA:241,46,0,0
BRDA:241,46,1,0
BRDA:242,47,0,0
BRDA:242,47,1,0
BRDA:243,48,0,0
BRDA:243,48,1,0
BRDA:244,49,0,0
BRDA:244,49,1,0
BRDA:246,50,0,0
BRDA:246,50,1,0
BRDA:247,51,0,0
BRDA:247,51,1,0
BRDA:247,52,0,0
BRDA:247,52,1,0
BRDA:248,53,0,0
BRDA:248,53,1,0
BRDA:248,54,0,0
BRDA:248,54,1,0
BRDA:249,55,0,0
BRDA:249,55,1,0
BRDA:250,56,0,0
BRDA:250,56,1,0
BRDA:250,57,0,0
BRDA:250,57,1,0
BRDA:251,58,0,0
BRDA:251,58,1,0
BRDA:251,59,0,0
BRDA:251,59,1,0
BRDA:252,60,0,0
BRDA:252,60,1,0
BRDA:254,61,0,0
BRDA:254,61,1,0
BRDA:255,62,0,0
BRDA:255,62,1,0
BRDA:256,63,0,0
BRDA:256,63,1,0
BRDA:257,64,0,0
BRDA:257,64,1,0
BRDA:259,65,0,0
BRDA:259,65,1,0
BRDA:260,66,0,0
BRDA:260,66,1,0
BRDA:286,67,0,0
BRDA:287,68,0,0
BRDA:288,69,0,0
BRDA:290,70,0,0
BRDA:291,71,0,0
BRDA:292,72,0,0
BRDA:293,73,0,0
BRDA:294,74,0,0
BRDA:295,75,0,0
BRDA:297,76,0,0
BRDA:298,77,0,0
BRDA:300,78,0,0
BRDA:305,79,0,0
BRDA:305,79,1,0
BRDA:312,80,0,0
BRDA:312,80,1,0
BRDA:319,81,0,0
BRDA:319,81,1,0
BRDA:326,82,0,0
BRDA:326,82,1,0
BRDA:326,83,0,0
BRDA:326,83,1,0
BRDA:326,83,2,0
BRDA:332,84,0,0
BRDA:332,84,1,0
BRDA:332,85,0,0
BRDA:332,85,1,0
BRDA:332,85,2,0
BRDA:332,85,3,0
BRDA:338,86,0,0
BRDA:338,86,1,0
BRDA:338,87,0,0
BRDA:338,87,1,0
BRDA:338,87,2,0
BRDA:345,88,0,0
BRDA:345,88,1,0
BRDA:345,89,0,0
BRDA:345,89,1,0
BRDA:346,90,0,0
BRDA:346,90,1,0
BRDA:346,91,0,0
BRDA:346,91,1,0
BRDA:346,91,2,0
BRDA:357,92,0,0
BRDA:357,92,1,0
BRDA:366,93,0,0
BRDA:366,93,1,0
BRDA:367,94,0,0
BRDA:367,94,1,0
BRDA:368,95,0,0
BRDA:368,95,1,0
BRDA:369,96,0,0
BRDA:369,96,1,0
BRDA:370,97,0,0
BRDA:370,97,1,0
BRDA:392,98,0,0
BRDA:392,98,1,0
BRDA:397,99,0,0
BRDA:397,99,1,0
BRDA:398,100,0,0
BRDA:398,100,1,0
BRDA:403,101,0,0
BRDA:403,101,1,0
BRDA:403,102,0,0
BRDA:403,102,1,0
BRDA:410,103,0,0
BRDA:410,103,1,0
BRDA:411,104,0,0
BRDA:411,104,1,0
BRDA:442,105,0,0
BRDA:442,105,1,0
BRDA:443,106,0,0
BRDA:443,106,1,0
BRDA:447,107,0,0
BRDA:447,107,1,0
BRDA:473,108,0,0
BRDA:473,108,1,0
BRDA:474,109,0,0
BRDA:474,109,1,0
BRDA:475,110,0,0
BRDA:475,110,1,0
BRDA:476,111,0,0
BRDA:476,111,1,0
BRDA:477,112,0,0
BRDA:477,112,1,0
BRDA:478,113,0,0
BRDA:478,113,1,0
BRDA:479,114,0,0
BRDA:479,114,1,0
BRDA:481,115,0,0
BRDA:481,115,1,0
BRDA:482,116,0,0
BRDA:482,116,1,0
BRDA:482,117,0,0
BRDA:482,117,1,0
BRDA:483,118,0,0
BRDA:483,118,1,0
BRDA:484,119,0,0
BRDA:484,119,1,0
BRDA:484,120,0,0
BRDA:484,120,1,0
BRDA:485,121,0,0
BRDA:485,121,1,0
BRDA:487,122,0,0
BRDA:487,122,1,0
BRDA:488,123,0,0
BRDA:488,123,1,0
BRDA:489,124,0,0
BRDA:489,124,1,0
BRDA:490,125,0,0
BRDA:490,125,1,0
BRDA:540,126,0,0
BRDA:540,126,1,0
BRDA:545,127,0,0
BRDA:545,127,1,0
BRDA:545,128,0,0
BRDA:545,128,1,0
BRDA:552,129,0,0
BRDA:552,129,1,0
BRDA:552,130,0,0
BRDA:552,130,1,0
BRDA:559,131,0,0
BRDA:559,131,1,0
BRDA:559,132,0,0
BRDA:559,132,1,0
BRDA:566,133,0,0
BRDA:566,133,1,0
BRDA:566,134,0,0
BRDA:566,134,1,0
BRDA:566,134,2,0
BRDA:572,135,0,0
BRDA:572,135,1,0
BRDA:572,136,0,0
BRDA:572,136,1,0
BRDA:572,136,2,0
BRDA:572,136,3,0
BRDA:578,137,0,0
BRDA:578,137,1,0
BRDA:578,138,0,0
BRDA:578,138,1,0
BRDA:578,138,2,0
BRDA:588,139,0,0
BRDA:588,139,1,0
BRDA:589,140,0,0
BRDA:589,140,1,0
BRDA:590,141,0,0
BRDA:590,141,1,0
BRDA:591,142,0,0
BRDA:591,142,1,0
BRDA:592,143,0,0
BRDA:592,143,1,0
BRDA:593,144,0,0
BRDA:593,144,1,0
BRDA:594,145,0,0
BRDA:594,145,1,0
BRDA:595,146,0,0
BRDA:595,146,1,0
BRDA:596,147,0,0
BRDA:596,147,1,0
BRDA:597,148,0,0
BRDA:597,148,1,0
BRDA:598,149,0,0
BRDA:598,149,1,0
BRDA:599,150,0,0
BRDA:599,150,1,0
BRDA:601,151,0,0
BRDA:601,151,1,0
BRDA:602,152,0,0
BRDA:602,152,1,0
BRDA:603,153,0,0
BRDA:603,153,1,0
BRDA:604,154,0,0
BRDA:604,154,1,0
BRDA:605,155,0,0
BRDA:605,155,1,0
BRDA:606,156,0,0
BRDA:606,156,1,0
BRDA:608,157,0,0
BRDA:608,157,1,0
BRDA:609,158,0,0
BRDA:609,158,1,0
BRDA:610,159,0,0
BRDA:610,159,1,0
BRDA:611,160,0,0
BRDA:611,160,1,0
BRDA:612,161,0,0
BRDA:612,161,1,0
BRDA:613,162,0,0
BRDA:613,162,1,0
BRDA:635,163,0,0
BRDA:635,163,1,0
BRDA:636,164,0,0
BRDA:636,164,1,0
BRDA:640,165,0,0
BRDA:640,165,1,0
BRDA:666,166,0,0
BRDA:666,166,1,0
BRDA:667,167,0,0
BRDA:667,167,1,0
BRDA:668,168,0,0
BRDA:668,168,1,0
BRDA:669,169,0,0
BRDA:669,169,1,0
BRDA:670,170,0,0
BRDA:670,170,1,0
BRDA:671,171,0,0
BRDA:671,171,1,0
BRDA:672,172,0,0
BRDA:672,172,1,0
BRDA:674,173,0,0
BRDA:674,173,1,0
BRDA:675,174,0,0
BRDA:675,174,1,0
BRDA:675,175,0,0
BRDA:675,175,1,0
BRDA:676,176,0,0
BRDA:676,176,1,0
BRDA:677,177,0,0
BRDA:677,177,1,0
BRDA:677,178,0,0
BRDA:677,178,1,0
BRDA:678,179,0,0
BRDA:678,179,1,0
BRDA:680,180,0,0
BRDA:680,180,1,0
BRDA:681,181,0,0
BRDA:681,181,1,0
BRDA:682,182,0,0
BRDA:682,182,1,0
BRDA:683,183,0,0
BRDA:683,183,1,0
BRDA:705,184,0,0
BRDA:705,184,1,0
BRDA:710,185,0,0
BRDA:710,185,1,0
BRDA:726,186,0,0
BRDA:726,186,1,0
BRDA:748,187,0,0
BRDA:748,187,1,0
BRDA:763,188,0,0
BRDA:763,188,1,0
BRDA:785,189,0,0
BRDA:785,189,1,0
BRDA:800,190,0,0
BRDA:800,190,1,0
BRDA:823,191,0,0
BRDA:823,191,1,0
BRDA:828,192,0,0
BRDA:828,192,1,0
BRDA:828,192,2,0
BRDA:830,193,0,0
BRDA:830,193,1,0
BRDA:848,194,0,0
BRDA:848,194,1,0
BRDA:848,195,0,0
BRDA:848,195,1,0
BRDA:849,196,0,0
BRDA:849,196,1,0
BRDA:850,197,0,0
BRDA:850,197,1,0
BRDA:851,198,0,0
BRDA:851,198,1,0
BRDA:855,199,0,0
BRDA:855,199,1,0
BRDA:875,200,0,0
BRDA:875,200,1,0
BRDA:879,201,0,0
BRDA:879,201,1,0
BRDA:881,202,0,0
BRDA:881,202,1,0
BRDA:889,203,0,0
BRDA:889,203,1,0
BRDA:895,204,0,0
BRDA:895,204,1,0
BRDA:903,205,0,0
BRDA:903,205,1,0
BRDA:907,206,0,0
BRDA:907,206,1,0
BRDA:925,207,0,0
BRDA:925,207,1,0
BRDA:942,208,0,0
BRDA:942,208,1,0
BRDA:971,209,0,0
BRDA:971,209,1,0
BRDA:991,210,0,0
BRDA:991,210,1,0
BRDA:992,211,0,0
BRDA:992,211,1,0
BRDA:993,212,0,0
BRDA:993,212,1,0
BRDA:996,213,0,0
BRDA:996,213,1,0
BRDA:997,214,0,0
BRDA:997,214,1,0
BRDA:998,215,0,0
BRDA:998,215,1,0
BRDA:999,216,0,0
BRDA:999,216,1,0
BRDA:1000,217,0,0
BRDA:1000,217,1,0
BRDA:1001,218,0,0
BRDA:1001,218,1,0
BRDA:1002,219,0,0
BRDA:1002,219,1,0
BRDA:1004,220,0,0
BRDA:1004,220,1,0
BRDA:1005,221,0,0
BRDA:1005,221,1,0
BRDA:1006,222,0,0
BRDA:1006,222,1,0
BRDA:1008,223,0,0
BRDA:1008,223,1,0
BRDA:1009,224,0,0
BRDA:1009,224,1,0
BRDA:1015,225,0,0
BRDA:1015,225,1,0
BRDA:1016,226,0,0
BRDA:1016,226,1,0
BRDA:1018,227,0,0
BRDA:1018,227,1,0
BRDA:1064,228,0,0
BRDA:1064,228,1,0
BRDA:1200,229,0,0
BRDA:1200,229,1,0
BRDA:1201,230,0,0
BRDA:1201,230,1,0
BRDA:1202,231,0,0
BRDA:1202,231,1,0
BRDA:1203,232,0,0
BRDA:1203,232,1,0
BRDA:1204,233,0,0
BRDA:1204,233,1,0
BRDA:1214,234,0,0
BRDA:1214,234,1,0
BRDA:1218,235,0,0
BRDA:1218,235,1,0
BRDA:1219,236,0,0
BRDA:1219,236,1,0
BRDA:1222,237,0,0
BRDA:1222,237,1,0
BRDA:1226,238,0,0
BRDA:1226,238,1,0
BRDA:1250,239,0,0
BRDA:1250,239,1,0
BRDA:1255,240,0,0
BRDA:1255,240,1,0
BRDA:1264,241,0,0
BRDA:1264,241,1,0
BRDA:1295,242,0,0
BRDA:1295,242,1,0
BRDA:1302,243,0,0
BRDA:1302,243,1,0
BRDA:1313,244,0,0
BRDA:1313,244,1,0
BRDA:1315,245,0,0
BRDA:1315,245,1,0
BRDA:1316,246,0,0
BRDA:1316,246,1,0
BRDA:1321,247,0,0
BRDA:1321,247,1,0
BRDA:1352,248,0,0
BRDA:1352,248,1,0
BRDA:1356,249,0,0
BRDA:1356,249,1,0
BRDA:1385,250,0,0
BRDA:1385,250,1,0
BRDA:1398,251,0,0
BRDA:1398,251,1,0
BRDA:1407,252,0,0
BRDA:1407,252,1,0
BRDA:1425,253,0,0
BRDA:1425,253,1,0
BRDA:1426,254,0,0
BRDA:1426,254,1,0
BRDA:1461,255,0,0
BRDA:1461,255,1,0
BRDA:1461,255,2,0
BRDA:1461,255,3,0
BRDA:1461,255,4,0
BRDA:1468,256,0,0
BRDA:1468,256,1,0
BRDA:1469,257,0,0
BRDA:1469,257,1,0
BRDA:1470,258,0,0
BRDA:1470,258,1,0
BRDA:1473,259,0,0
BRDA:1473,259,1,0
BRDA:1476,260,0,0
BRDA:1476,260,1,0
BRDA:1487,261,0,0
BRDA:1487,261,1,0
BRDA:1488,262,0,0
BRDA:1488,262,1,0
BRDA:1489,263,0,0
BRDA:1489,263,1,0
BRDA:1492,264,0,0
BRDA:1492,264,1,0
BRDA:1503,265,0,0
BRDA:1503,265,1,0
BRDA:1505,266,0,0
BRDA:1505,266,1,0
BRDA:1512,267,0,0
BRDA:1512,267,1,0
BRF:537
BRH:0
end_of_record
TN:
SF:src/routes/orders.ts
FN:21,generateOrderNo
FN:31,(anonymous_1)
FN:73,(anonymous_2)
FN:105,(anonymous_3)
FN:142,(anonymous_4)
FN:157,(anonymous_5)
FN:221,(anonymous_6)
FN:283,(anonymous_7)
FN:350,(anonymous_8)
FN:398,(anonymous_9)
FN:455,(anonymous_10)
FN:562,(anonymous_11)
FN:619,(anonymous_12)
FN:666,(anonymous_13)
FN:675,(anonymous_14)
FN:689,(anonymous_15)
FN:734,(anonymous_16)
FN:789,(anonymous_17)
FN:793,(anonymous_18)
FNF:19
FNH:0
FNDA:0,generateOrderNo
FNDA:0,(anonymous_1)
FNDA:0,(anonymous_2)
FNDA:0,(anonymous_3)
FNDA:0,(anonymous_4)
FNDA:0,(anonymous_5)
FNDA:0,(anonymous_6)
FNDA:0,(anonymous_7)
FNDA:0,(anonymous_8)
FNDA:0,(anonymous_9)
FNDA:0,(anonymous_10)
FNDA:0,(anonymous_11)
FNDA:0,(anonymous_12)
FNDA:0,(anonymous_13)
FNDA:0,(anonymous_14)
FNDA:0,(anonymous_15)
FNDA:0,(anonymous_16)
FNDA:0,(anonymous_17)
FNDA:0,(anonymous_18)
DA:1,0
DA:2,0
DA:3,0
DA:4,0
DA:5,0
DA:6,0
DA:14,0
DA:15,0
DA:16,0
DA:18,0
DA:22,0
DA:23,0
DA:26,0
DA:27,0
DA:31,0
DA:32,0
DA:33,0
DA:34,0
DA:35,0
DA:36,0
DA:37,0
DA:38,0
DA:39,0
DA:41,0
DA:43,0
DA:44,0
DA:47,0
DA:48,0
DA:51,0
DA:52,0
DA:55,0
DA:56,0
DA:59,0
DA:60,0
DA:62,0
DA:68,0
DA:73,0
DA:100,0
DA:105,0
DA:106,0
DA:107,0
DA:109,0
DA:114,0
DA:115,0
DA:118,0
DA:123,0
DA:142,0
DA:152,0
DA:157,0
DA:158,0
DA:159,0
DA:161,0
DA:166,0
DA:167,0
DA:170,0
DA:172,0
DA:186,0
DA:194,0
DA:196,0
DA:216,0
DA:221,0
DA:222,0
DA:223,0
DA:224,0
DA:226,0
DA:231,0
DA:232,0
DA:235,0
DA:236,0
DA:241,0
DA:245,0
DA:246,0
DA:247,0
DA:248,0
DA:249,0
DA:251,0
DA:256,0
DA:258,0
DA:278,0
DA:283,0
DA:284,0
DA:285,0
DA:286,0
DA:288,0
DA:293,0
DA:294,0
DA:297,0
DA:298,0
DA:303,0
DA:304,0
DA:305,0
DA:306,0
DA:308,0
DA:319,0
DA:327,0
DA:328,0
DA:337,0
DA:339,0
DA:345,0
DA:350,0
DA:351,0
DA:352,0
DA:353,0
DA:355,0
DA:360,0
DA:361,0
DA:364,0
DA:365,0
DA:370,0
DA:377,0
DA:385,0
DA:387,0
DA:393,0
DA:398,0
DA:399,0
DA:400,0
DA:401,0
DA:403,0
DA:408,0
DA:409,0
DA:412,0
DA:413,0
DA:418,0
DA:425,0
DA:433,0
DA:434,0
DA:442,0
DA:444,0
DA:450,0
DA:455,0
DA:456,0
DA:457,0
DA:458,0
DA:461,0
DA:462,0
DA:468,0
DA:469,0
DA:470,0
DA:476,0
DA:481,0
DA:482,0
DA:486,0
DA:487,0
DA:493,0
DA:497,0
DA:498,0
DA:501,0
DA:517,0
DA:520,0
DA:521,0
DA:522,0
DA:523,0
DA:534,0
DA:536,0
DA:540,0
DA:543,0
DA:557,0
DA:562,0
DA:563,0
DA:564,0
DA:566,0
DA:571,0
DA:572,0
DA:576,0
DA:577,0
DA:592,0
DA:597,0
DA:614,0
DA:619,0
DA:620,0
DA:621,0
DA:622,0
DA:624,0
DA:629,0
DA:630,0
DA:634,0
DA:635,0
DA:641,0
DA:648,0
DA:661,0
DA:666,0
DA:667,0
DA:668,0
DA:670,0
DA:675,0
DA:684,0
DA:689,0
DA:690,0
DA:691,0
DA:694,0
DA:695,0
DA:701,0
DA:702,0
DA:703,0
DA:709,0
DA:711,0
DA:712,0
DA:717,0
DA:729,0
DA:734,0
DA:735,0
DA:736,0
DA:737,0
DA:739,0
DA:745,0
DA:751,0
DA:756,0
DA:761,0
DA:766,0
DA:771,0
DA:790,0
DA:791,0
DA:793,0
DA:804,0
DA:808,0
LF:215
LH:0
BRDA:33,0,0,0
BRDA:33,0,1,0
BRDA:34,1,0,0
BRDA:34,1,1,0
BRDA:43,2,0,0
BRDA:43,2,1,0
BRDA:47,3,0,0
BRDA:47,3,1,0
BRDA:51,4,0,0
BRDA:51,4,1,0
BRDA:55,5,0,0
BRDA:55,5,1,0
BRDA:114,6,0,0
BRDA:114,6,1,0
BRDA:166,7,0,0
BRDA:166,7,1,0
BRDA:178,8,0,0
BRDA:178,8,1,0
BRDA:179,9,0,0
BRDA:179,9,1,0
BRDA:190,10,0,0
BRDA:190,10,1,0
BRDA:194,11,0,0
BRDA:194,11,1,0
BRDA:231,12,0,0
BRDA:231,12,1,0
BRDA:235,13,0,0
BRDA:235,13,1,0
BRDA:245,14,0,0
BRDA:245,14,1,0
BRDA:246,15,0,0
BRDA:246,15,1,0
BRDA:247,16,0,0
BRDA:247,16,1,0
BRDA:248,17,0,0
BRDA:248,17,1,0
BRDA:249,18,0,0
BRDA:249,18,1,0
BRDA:256,19,0,0
BRDA:256,19,1,0
BRDA:293,20,0,0
BRDA:293,20,1,0
BRDA:297,21,0,0
BRDA:297,21,1,0
BRDA:306,22,0,0
BRDA:306,22,1,0
BRDA:312,23,0,0
BRDA:312,23,1,0
BRDA:323,24,0,0
BRDA:323,24,1,0
BRDA:327,25,0,0
BRDA:327,25,1,0
BRDA:337,26,0,0
BRDA:337,26,1,0
BRDA:360,27,0,0
BRDA:360,27,1,0
BRDA:364,28,0,0
BRDA:364,28,1,0
BRDA:381,29,0,0
BRDA:381,29,1,0
BRDA:382,30,0,0
BRDA:382,30,1,0
BRDA:385,31,0,0
BRDA:385,31,1,0
BRDA:408,32,0,0
BRDA:408,32,1,0
BRDA:412,33,0,0
BRDA:412,33,1,0
BRDA:429,34,0,0
BRDA:429,34,1,0
BRDA:430,35,0,0
BRDA:430,35,1,0
BRDA:433,36,0,0
BRDA:433,36,1,0
BRDA:442,37,0,0
BRDA:442,37,1,0
BRDA:461,38,0,0
BRDA:461,38,1,0
BRDA:461,39,0,0
BRDA:461,39,1,0
BRDA:469,40,0,0
BRDA:469,40,1,0
BRDA:481,41,0,0
BRDA:481,41,1,0
BRDA:486,42,0,0
BRDA:486,42,1,0
BRDA:497,43,0,0
BRDA:497,43,1,0
BRDA:498,44,0,0
BRDA:498,44,1,0
BRDA:508,45,0,0
BRDA:508,45,1,0
BRDA:509,46,0,0
BRDA:509,46,1,0
BRDA:512,47,0,0
BRDA:512,47,1,0
BRDA:513,48,0,0
BRDA:513,48,1,0
BRDA:520,49,0,0
BRDA:520,49,1,0
BRDA:521,50,0,0
BRDA:521,50,1,0
BRDA:521,51,0,0
BRDA:521,51,1,0
BRDA:527,52,0,0
BRDA:527,52,1,0
BRDA:571,53,0,0
BRDA:571,53,1,0
BRDA:576,54,0,0
BRDA:576,54,1,0
BRDA:576,55,0,0
BRDA:576,55,1,0
BRDA:629,56,0,0
BRDA:629,56,1,0
BRDA:634,57,0,0
BRDA:634,57,1,0
BRDA:634,58,0,0
BRDA:634,58,1,0
BRDA:645,59,0,0
BRDA:645,59,1,0
BRDA:650,60,0,0
BRDA:650,60,1,0
BRDA:651,61,0,0
BRDA:651,61,1,0
BRDA:680,62,0,0
BRDA:680,62,1,0
BRDA:694,63,0,0
BRDA:694,63,1,0
BRDA:702,64,0,0
BRDA:702,64,1,0
BRDA:711,65,0,0
BRDA:711,65,1,0
BRDA:711,66,0,0
BRDA:711,66,1,0
BRDA:777,67,0,0
BRDA:777,67,1,0
BRDA:778,68,0,0
BRDA:778,68,1,0
BRDA:781,69,0,0
BRDA:781,69,1,0
BRDA:782,70,0,0
BRDA:782,70,1,0
BRDA:785,71,0,0
BRDA:785,71,1,0
BRDA:786,72,0,0
BRDA:786,72,1,0
BRDA:788,73,0,0
BRDA:788,73,1,0
BRF:148
BRH:0
end_of_record
TN:
SF:src/routes/service-types.ts
FN:23,(anonymous_0)
FN:25,(anonymous_1)
FN:45,(anonymous_2)
FN:83,(anonymous_3)
FN:84,(anonymous_4)
FN:85,(anonymous_5)
FN:86,(anonymous_6)
FN:87,(anonymous_7)
FN:88,(anonymous_8)
FN:117,(anonymous_9)
FN:118,(anonymous_10)
FN:119,(anonymous_11)
FN:120,(anonymous_12)
FN:121,(anonymous_13)
FN:141,(anonymous_14)
FN:233,(anonymous_15)
FN:237,(anonymous_16)
FN:252,(anonymous_17)
FN:289,(anonymous_18)
FN:329,(anonymous_19)
FN:333,(anonymous_20)
FN:388,(anonymous_21)
FN:392,(anonymous_22)
FNF:23
FNH:0
FNDA:0,(anonymous_0)
FNDA:0,(anonymous_1)
FNDA:0,(anonymous_2)
FNDA:0,(anonymous_3)
FNDA:0,(anonymous_4)
FNDA:0,(anonymous_5)
FNDA:0,(anonymous_6)
FNDA:0,(anonymous_7)
FNDA:0,(anonymous_8)
FNDA:0,(anonymous_9)
FNDA:0,(anonymous_10)
FNDA:0,(anonymous_11)
FNDA:0,(anonymous_12)
FNDA:0,(anonymous_13)
FNDA:0,(anonymous_14)
FNDA:0,(anonymous_15)
FNDA:0,(anonymous_16)
FNDA:0,(anonymous_17)
FNDA:0,(anonymous_18)
FNDA:0,(anonymous_19)
FNDA:0,(anonymous_20)
FNDA:0,(anonymous_21)
FNDA:0,(anonymous_22)
DA:6,0
DA:7,0
DA:8,0
DA:10,0
DA:16,0
DA:18,0
DA:23,0
DA:24,0
DA:25,0
DA:30,0
DA:37,0
DA:45,0
DA:46,0
DA:48,0
DA:54,0
DA:61,0
DA:69,0
DA:77,0
DA:83,0
DA:84,0
DA:85,0
DA:86,0
DA:87,0
DA:88,0
DA:90,0
DA:116,0
DA:117,0
DA:118,0
DA:119,0
DA:120,0
DA:121,0
DA:124,0
DA:134,0
DA:141,0
DA:142,0
DA:143,0
DA:146,0
DA:147,0
DA:152,0
DA:155,0
DA:171,0
DA:179,0
DA:186,0
DA:197,0
DA:202,0
DA:233,0
DA:237,0
DA:245,0
DA:252,0
DA:253,0
DA:254,0
DA:255,0
DA:256,0
DA:257,0
DA:260,0
DA:261,0
DA:266,0
DA:269,0
DA:272,0
DA:275,0
DA:283,0
DA:289,0
DA:322,0
DA:329,0
DA:330,0
DA:332,0
DA:335,0
DA:338,0
DA:344,0
DA:352,0
DA:357,0
DA:374,0
DA:381,0
DA:388,0
DA:389,0
DA:391,0
DA:394,0
DA:403,0
DA:413,0
DA:430,0
DA:437,0
DA:441,0
LF:82
LH:0
BRDA:84,0,0,0
BRDA:84,0,1,0
BRDA:85,1,0,0
BRDA:85,1,1,0
BRDA:86,2,0,0
BRDA:86,2,1,0
BRDA:87,3,0,0
BRDA:87,3,1,0
BRDA:88,4,0,0
BRDA:88,4,1,0
BRDA:98,5,0,0
BRDA:98,5,1,0
BRDA:99,6,0,0
BRDA:99,6,1,0
BRDA:100,7,0,0
BRDA:100,7,1,0
BRDA:100,8,0,0
BRDA:100,8,1,0
BRDA:103,9,0,0
BRDA:103,9,1,0
BRDA:106,10,0,0
BRDA:106,10,1,0
BRDA:109,11,0,0
BRDA:109,11,1,0
BRDA:146,12,0,0
BRDA:146,12,1,0
BRDA:211,13,0,0
BRDA:211,13,1,0
BRDA:212,14,0,0
BRDA:212,14,1,0
BRDA:213,15,0,0
BRDA:213,15,1,0
BRDA:214,16,0,0
BRDA:214,16,1,0
BRDA:215,17,0,0
BRDA:215,17,1,0
BRDA:216,18,0,0
BRDA:216,18,1,0
BRDA:217,19,0,0
BRDA:217,19,1,0
BRDA:219,20,0,0
BRDA:219,20,1,0
BRDA:220,21,0,0
BRDA:220,21,1,0
BRDA:221,22,0,0
BRDA:221,22,1,0
BRDA:221,23,0,0
BRDA:221,23,1,0
BRDA:225,24,0,0
BRDA:225,24,1,0
BRDA:226,25,0,0
BRDA:226,25,1,0
BRDA:227,26,0,0
BRDA:227,26,1,0
BRDA:230,27,0,0
BRDA:230,27,1,0
BRDA:255,28,0,0
BRDA:255,28,1,0
BRDA:256,29,0,0
BRDA:256,29,1,0
BRDA:260,30,0,0
BRDA:260,30,1,0
BRDA:366,31,0,0
BRDA:366,31,1,0
BRDA:367,32,0,0
BRDA:367,32,1,0
BRDA:368,33,0,0
BRDA:368,33,1,0
BRDA:419,34,0,0
BRDA:419,34,1,0
BRDA:420,35,0,0
BRDA:420,35,1,0
BRDA:422,36,0,0
BRDA:422,36,1,0
BRDA:423,37,0,0
BRDA:423,37,1,0
BRDA:424,38,0,0
BRDA:424,38,1,0
BRF:78
BRH:0
end_of_record
TN:
SF:src/routes/settings.ts
FN:54,(anonymous_0)
FN:65,(anonymous_1)
FN:78,(anonymous_2)
FNF:3
FNH:0
FNDA:0,(anonymous_0)
FNDA:0,(anonymous_1)
FNDA:0,(anonymous_2)
DA:1,0
DA:2,0
DA:3,0
DA:4,0
DA:6,0
DA:9,0
DA:49,0
DA:54,0
DA:55,0
DA:56,0
DA:58,0
DA:65,0
DA:66,0
DA:67,0
DA:68,0
DA:69,0
DA:71,0
DA:78,0
DA:79,0
DA:80,0
DA:81,0
DA:83,0
DA:87,0
LF:23
LH:0
BRF:0
BRH:0
end_of_record
TN:
SF:src/routes/site-config.ts
FN:24,parseConfigValue
FN:42,(anonymous_1)
FN:49,(anonymous_2)
FN:64,(anonymous_3)
FN:72,(anonymous_4)
FN:88,(anonymous_5)
FN:102,(anonymous_6)
FN:114,(anonymous_7)
FN:141,(anonymous_8)
FN:204,(anonymous_9)
FN:274,(anonymous_10)
FN:337,(anonymous_11)
FNF:12
FNH:0
FNDA:0,parseConfigValue
FNDA:0,(anonymous_1)
FNDA:0,(anonymous_2)
FNDA:0,(anonymous_3)
FNDA:0,(anonymous_4)
FNDA:0,(anonymous_5)
FNDA:0,(anonymous_6)
FNDA:0,(anonymous_7)
FNDA:0,(anonymous_8)
FNDA:0,(anonymous_9)
FNDA:0,(anonymous_10)
FNDA:0,(anonymous_11)
DA:1,0
DA:2,0
DA:3,0
DA:4,0
DA:5,0
DA:6,0
DA:8,0
DA:25,0
DA:27,0
DA:29,0
DA:31,0
DA:32,0
DA:34,0
DA:37,0
DA:42,0
DA:43,0
DA:44,0
DA:48,0
DA:49,0
DA:50,0
DA:53,0
DA:58,0
DA:59,0
DA:64,0
DA:65,0
DA:66,0
DA:71,0
DA:72,0
DA:73,0
DA:74,0
DA:77,0
DA:82,0
DA:83,0
DA:88,0
DA:89,0
DA:90,0
DA:92,0
DA:94,0
DA:95,0
DA:98,0
DA:100,0
DA:102,0
DA:108,0
DA:109,0
DA:114,0
DA:115,0
DA:116,0
DA:118,0
DA:122,0
DA:123,0
DA:126,0
DA:134,0
DA:135,0
DA:136,0
DA:141,0
DA:142,0
DA:143,0
DA:144,0
DA:147,0
DA:151,0
DA:152,0
DA:156,0
DA:157,0
DA:158,0
DA:162,0
DA:163,0
DA:164,0
DA:166,0
DA:170,0
DA:174,0
DA:175,0
DA:176,0
DA:177,0
DA:179,0
DA:184,0
DA:188,0
DA:197,0
DA:198,0
DA:199,0
DA:204,0
DA:205,0
DA:206,0
DA:208,0
DA:209,0
DA:212,0
DA:214,0
DA:215,0
DA:217,0
DA:218,0
DA:222,0
DA:223,0
DA:224,0
DA:226,0
DA:230,0
DA:234,0
DA:235,0
DA:243,0
DA:246,0
DA:257,0
DA:261,0
DA:267,0
DA:268,0
DA:269,0
DA:274,0
DA:275,0
DA:276,0
DA:278,0
DA:279,0
DA:283,0
DA:287,0
DA:288,0
DA:292,0
DA:293,0
DA:294,0
DA:298,0
DA:299,0
DA:300,0
DA:302,0
DA:306,0
DA:317,0
DA:321,0
DA:330,0
DA:331,0
DA:332,0
DA:337,0
DA:338,0
DA:339,0
DA:341,0
DA:345,0
DA:346,0
DA:349,0
DA:353,0
DA:358,0
DA:359,0
DA:360,0
DA:364,0
LF:136
LH:0
BRDA:25,0,0,0
BRDA:25,0,1,0
BRDA:25,0,2,0
BRDA:25,0,3,0
BRDA:94,1,0,0
BRDA:94,1,1,0
BRDA:122,2,0,0
BRDA:122,2,1,0
BRDA:134,3,0,0
BRDA:134,3,1,0
BRDA:151,4,0,0
BRDA:151,4,1,0
BRDA:157,5,0,0
BRDA:157,5,1,0
BRDA:157,6,0,0
BRDA:157,6,1,0
BRDA:162,7,0,0
BRDA:162,7,1,0
BRDA:162,8,0,0
BRDA:162,8,1,0
BRDA:174,9,0,0
BRDA:174,9,1,0
BRDA:175,10,0,0
BRDA:175,10,1,0
BRDA:176,11,0,0
BRDA:176,11,1,0
BRDA:177,12,0,0
BRDA:177,12,1,0
BRDA:197,13,0,0
BRDA:197,13,1,0
BRDA:208,14,0,0
BRDA:208,14,1,0
BRDA:217,15,0,0
BRDA:217,15,1,0
BRDA:222,16,0,0
BRDA:222,16,1,0
BRDA:222,17,0,0
BRDA:222,17,1,0
BRDA:234,18,0,0
BRDA:234,18,1,0
BRDA:239,19,0,0
BRDA:239,19,1,0
BRDA:249,20,0,0
BRDA:249,20,1,0
BRDA:250,21,0,0
BRDA:250,21,1,0
BRDA:251,22,0,0
BRDA:251,22,1,0
BRDA:252,23,0,0
BRDA:252,23,1,0
BRDA:267,24,0,0
BRDA:267,24,1,0
BRDA:278,25,0,0
BRDA:278,25,1,0
BRDA:278,26,0,0
BRDA:278,26,1,0
BRDA:287,27,0,0
BRDA:287,27,1,0
BRDA:293,28,0,0
BRDA:293,28,1,0
BRDA:293,29,0,0
BRDA:293,29,1,0
BRDA:298,30,0,0
BRDA:298,30,1,0
BRDA:298,31,0,0
BRDA:298,31,1,0
BRDA:309,32,0,0
BRDA:309,32,1,0
BRDA:310,33,0,0
BRDA:310,33,1,0
BRDA:311,34,0,0
BRDA:311,34,1,0
BRDA:312,35,0,0
BRDA:312,35,1,0
BRDA:330,36,0,0
BRDA:330,36,1,0
BRDA:345,37,0,0
BRDA:345,37,1,0
BRDA:358,38,0,0
BRDA:358,38,1,0
BRF:80
BRH:0
end_of_record
TN:
SF:src/routes/subscription-plans.ts
FN:39,(anonymous_0)
FN:74,(anonymous_1)
FN:92,(anonymous_2)
FN:119,(anonymous_3)
FN:121,(anonymous_4)
FN:140,(anonymous_5)
FN:159,(anonymous_6)
FN:216,(anonymous_7)
FN:256,(anonymous_8)
FN:275,(anonymous_9)
FN:295,(anonymous_10)
FN:315,(anonymous_11)
FN:335,(anonymous_12)
FN:345,(anonymous_13)
FNF:14
FNH:0
FNDA:0,(anonymous_0)
FNDA:0,(anonymous_1)
FNDA:0,(anonymous_2)
FNDA:0,(anonymous_3)
FNDA:0,(anonymous_4)
FNDA:0,(anonymous_5)
FNDA:0,(anonymous_6)
FNDA:0,(anonymous_7)
FNDA:0,(anonymous_8)
FNDA:0,(anonymous_9)
FNDA:0,(anonymous_10)
FNDA:0,(anonymous_11)
FNDA:0,(anonymous_12)
FNDA:0,(anonymous_13)
DA:6,0
DA:7,0
DA:8,0
DA:9,0
DA:14,0
DA:33,0
DA:39,0
DA:40,0
DA:41,0
DA:52,0
DA:53,0
DA:58,0
DA:60,0
DA:67,0
DA:74,0
DA:75,0
DA:76,0
DA:78,0
DA:85,0
DA:92,0
DA:93,0
DA:94,0
DA:97,0
DA:98,0
DA:103,0
DA:105,0
DA:112,0
DA:119,0
DA:120,0
DA:121,0
DA:126,0
DA:133,0
DA:140,0
DA:141,0
DA:142,0
DA:143,0
DA:145,0
DA:152,0
DA:159,0
DA:160,0
DA:161,0
DA:164,0
DA:165,0
DA:170,0
DA:171,0
DA:176,0
DA:177,0
DA:182,0
DA:183,0
DA:188,0
DA:189,0
DA:194,0
DA:195,0
DA:200,0
DA:202,0
DA:209,0
DA:216,0
DA:217,0
DA:218,0
DA:219,0
DA:222,0
DA:223,0
DA:228,0
DA:229,0
DA:234,0
DA:235,0
DA:240,0
DA:242,0
DA:249,0
DA:256,0
DA:257,0
DA:258,0
DA:260,0
DA:262,0
DA:268,0
DA:275,0
DA:276,0
DA:277,0
DA:279,0
DA:281,0
DA:288,0
DA:295,0
DA:296,0
DA:297,0
DA:299,0
DA:301,0
DA:308,0
DA:315,0
DA:316,0
DA:317,0
DA:319,0
DA:321,0
DA:328,0
DA:335,0
DA:336,0
DA:337,0
DA:339,0
DA:340,0
DA:345,0
DA:346,0
DA:351,0
DA:353,0
DA:359,0
DA:363,0
LF:104
LH:0
BRDA:42,0,0,0
BRDA:42,0,1,0
BRDA:43,1,0,0
BRDA:43,1,1,0
BRDA:46,2,0,0
BRDA:46,2,1,0
BRDA:52,3,0,0
BRDA:52,3,1,0
BRDA:52,4,0,0
BRDA:52,4,1,0
BRDA:97,5,0,0
BRDA:97,5,1,0
BRDA:97,6,0,0
BRDA:97,6,1,0
BRDA:164,7,0,0
BRDA:164,7,1,0
BRDA:164,8,0,0
BRDA:164,8,1,0
BRDA:170,9,0,0
BRDA:170,9,1,0
BRDA:170,10,0,0
BRDA:170,10,1,0
BRDA:176,11,0,0
BRDA:176,11,1,0
BRDA:176,12,0,0
BRDA:176,12,1,0
BRDA:182,13,0,0
BRDA:182,13,1,0
BRDA:182,14,0,0
BRDA:182,14,1,0
BRDA:188,15,0,0
BRDA:188,15,1,0
BRDA:188,16,0,0
BRDA:188,16,1,0
BRDA:188,16,2,0
BRDA:194,17,0,0
BRDA:194,17,1,0
BRDA:222,18,0,0
BRDA:222,18,1,0
BRDA:222,19,0,0
BRDA:222,19,1,0
BRDA:228,20,0,0
BRDA:228,20,1,0
BRDA:228,21,0,0
BRDA:228,21,1,0
BRDA:234,22,0,0
BRDA:234,22,1,0
BRDA:234,23,0,0
BRDA:234,23,1,0
BRDA:339,24,0,0
BRDA:339,24,1,0
BRDA:345,25,0,0
BRDA:345,25,1,0
BRDA:345,26,0,0
BRDA:345,26,1,0
BRF:55
BRH:0
end_of_record
TN:
SF:src/routes/traffic.ts
FN:12,(anonymous_0)
FN:65,(anonymous_1)
FN:103,(anonymous_2)
FN:115,(anonymous_3)
FN:136,(anonymous_4)
FN:150,(anonymous_5)
FN:181,(anonymous_6)
FN:186,(anonymous_7)
FN:196,(anonymous_8)
FN:222,(anonymous_9)
FN:246,(anonymous_10)
FN:283,(anonymous_11)
FN:297,(anonymous_12)
FN:315,(anonymous_13)
FN:320,(anonymous_14)
FN:341,(anonymous_15)
FN:365,(anonymous_16)
FN:389,(anonymous_17)
FN:426,(anonymous_18)
FN:440,(anonymous_19)
FN:514,(anonymous_20)
FN:536,(anonymous_21)
FN:546,(anonymous_22)
FN:548,(anonymous_23)
FN:557,(anonymous_24)
FN:558,(anonymous_25)
FN:590,(anonymous_26)
FN:617,(anonymous_27)
FN:634,(anonymous_28)
FN:650,(anonymous_29)
FNF:30
FNH:0
FNDA:0,(anonymous_0)
FNDA:0,(anonymous_1)
FNDA:0,(anonymous_2)
FNDA:0,(anonymous_3)
FNDA:0,(anonymous_4)
FNDA:0,(anonymous_5)
FNDA:0,(anonymous_6)
FNDA:0,(anonymous_7)
FNDA:0,(anonymous_8)
FNDA:0,(anonymous_9)
FNDA:0,(anonymous_10)
FNDA:0,(anonymous_11)
FNDA:0,(anonymous_12)
FNDA:0,(anonymous_13)
FNDA:0,(anonymous_14)
FNDA:0,(anonymous_15)
FNDA:0,(anonymous_16)
FNDA:0,(anonymous_17)
FNDA:0,(anonymous_18)
FNDA:0,(anonymous_19)
FNDA:0,(anonymous_20)
FNDA:0,(anonymous_21)
FNDA:0,(anonymous_22)
FNDA:0,(anonymous_23)
FNDA:0,(anonymous_24)
FNDA:0,(anonymous_25)
FNDA:0,(anonymous_26)
FNDA:0,(anonymous_27)
FNDA:0,(anonymous_28)
FNDA:0,(anonymous_29)
DA:1,0
DA:2,0
DA:3,0
DA:4,0
DA:5,0
DA:6,0
DA:7,0
DA:9,0
DA:12,0
DA:13,0
DA:14,0
DA:15,0
DA:18,0
DA:25,0
DA:32,0
DA:38,0
DA:43,0
DA:48,0
DA:57,0
DA:58,0
DA:59,0
DA:60,0
DA:61,0
DA:62,0
DA:63,0
DA:64,0
DA:65,0
DA:66,0
DA:67,0
DA:69,0
DA:77,0
DA:80,0
DA:103,0
DA:110,0
DA:115,0
DA:116,0
DA:117,0
DA:118,0
DA:119,0
DA:120,0
DA:122,0
DA:132,0
DA:136,0
DA:145,0
DA:150,0
DA:151,0
DA:152,0
DA:153,0
DA:154,0
DA:155,0
DA:157,0
DA:158,0
DA:159,0
DA:161,0
DA:174,0
DA:178,0
DA:181,0
DA:182,0
DA:186,0
DA:187,0
DA:188,0
DA:191,0
DA:196,0
DA:217,0
DA:222,0
DA:223,0
DA:224,0
DA:225,0
DA:227,0
DA:232,0
DA:233,0
DA:236,0
DA:237,0
DA:238,0
DA:240,0
DA:246,0
DA:253,0
DA:254,0
DA:255,0
DA:256,0
DA:257,0
DA:258,0
DA:261,0
DA:264,0
DA:283,0
DA:292,0
DA:297,0
DA:298,0
DA:299,0
DA:301,0
DA:302,0
DA:303,0
DA:305,0
DA:315,0
DA:316,0
DA:320,0
DA:321,0
DA:322,0
DA:326,0
DA:327,0
DA:328,0
DA:329,0
DA:330,0
DA:331,0
DA:334,0
DA:337,0
DA:342,0
DA:343,0
DA:344,0
DA:346,0
DA:360,0
DA:365,0
DA:366,0
DA:367,0
DA:368,0
DA:370,0
DA:375,0
DA:376,0
DA:379,0
DA:380,0
DA:381,0
DA:383,0
DA:389,0
DA:396,0
DA:397,0
DA:398,0
DA:399,0
DA:400,0
DA:401,0
DA:402,0
DA:403,0
DA:406,0
DA:409,0
DA:426,0
DA:435,0
DA:440,0
DA:441,0
DA:442,0
DA:444,0
DA:445,0
DA:448,0
DA:452,0
DA:453,0
DA:462,0
DA:472,0
DA:476,0
DA:477,0
DA:486,0
DA:496,0
DA:503,0
DA:509,0
DA:514,0
DA:515,0
DA:516,0
DA:517,0
DA:519,0
DA:520,0
DA:528,0
DA:529,0
DA:532,0
DA:533,0
DA:534,0
DA:536,0
DA:537,0
DA:538,0
DA:539,0
DA:540,0
DA:545,0
DA:546,0
DA:548,0
DA:556,0
DA:557,0
DA:558,0
DA:565,0
DA:585,0
DA:590,0
DA:591,0
DA:592,0
DA:593,0
DA:595,0
DA:596,0
DA:605,0
DA:612,0
DA:617,0
DA:618,0
DA:619,0
DA:620,0
DA:622,0
DA:629,0
DA:634,0
DA:635,0
DA:636,0
DA:637,0
DA:639,0
DA:645,0
DA:650,0
DA:651,0
DA:652,0
DA:653,0
DA:655,0
DA:661,0
DA:665,0
LF:202
LH:0
BRDA:61,0,0,0
BRDA:61,0,1,0
BRDA:86,1,0,0
BRDA:86,1,1,0
BRDA:87,2,0,0
BRDA:87,2,1,0
BRDA:88,3,0,0
BRDA:88,3,1,0
BRDA:89,4,0,0
BRDA:89,4,1,0
BRDA:92,5,0,0
BRDA:92,5,1,0
BRDA:93,6,0,0
BRDA:93,6,1,0
BRDA:94,7,0,0
BRDA:94,7,1,0
BRDA:95,8,0,0
BRDA:95,8,1,0
BRDA:98,9,0,0
BRDA:98,9,1,0
BRDA:99,10,0,0
BRDA:99,10,1,0
BRDA:100,11,0,0
BRDA:100,11,1,0
BRDA:117,12,0,0
BRDA:117,12,1,0
BRDA:138,13,0,0
BRDA:138,13,1,0
BRDA:139,14,0,0
BRDA:139,14,1,0
BRDA:140,15,0,0
BRDA:140,15,1,0
BRDA:141,16,0,0
BRDA:141,16,1,0
BRDA:152,17,0,0
BRDA:152,17,1,0
BRDA:153,18,0,0
BRDA:153,18,1,0
BRDA:155,19,0,0
BRDA:155,19,1,0
BRDA:178,20,0,0
BRDA:178,20,1,0
BRDA:198,21,0,0
BRDA:198,21,1,0
BRDA:199,22,0,0
BRDA:199,22,1,0
BRDA:200,23,0,0
BRDA:200,23,1,0
BRDA:201,24,0,0
BRDA:201,24,1,0
BRDA:202,25,0,0
BRDA:202,25,1,0
BRDA:203,26,0,0
BRDA:203,26,1,0
BRDA:204,27,0,0
BRDA:204,27,1,0
BRDA:225,28,0,0
BRDA:225,28,1,0
BRDA:232,29,0,0
BRDA:232,29,1,0
BRDA:247,30,0,0
BRDA:247,30,1,0
BRDA:248,31,0,0
BRDA:248,31,1,0
BRDA:249,32,0,0
BRDA:249,32,1,0
BRDA:257,33,0,0
BRDA:257,33,1,0
BRDA:299,34,0,0
BRDA:299,34,1,0
BRDA:330,35,0,0
BRDA:330,35,1,0
BRDA:343,36,0,0
BRDA:343,36,1,0
BRDA:344,37,0,0
BRDA:344,37,1,0
BRDA:344,38,0,0
BRDA:344,38,1,0
BRDA:348,39,0,0
BRDA:348,39,1,0
BRDA:349,40,0,0
BRDA:349,40,1,0
BRDA:350,41,0,0
BRDA:350,41,1,0
BRDA:351,42,0,0
BRDA:351,42,1,0
BRDA:352,43,0,0
BRDA:352,43,1,0
BRDA:353,44,0,0
BRDA:353,44,1,0
BRDA:354,45,0,0
BRDA:354,45,1,0
BRDA:368,46,0,0
BRDA:368,46,1,0
BRDA:375,47,0,0
BRDA:375,47,1,0
BRDA:390,48,0,0
BRDA:390,48,1,0
BRDA:391,49,0,0
BRDA:391,49,1,0
BRDA:392,50,0,0
BRDA:392,50,1,0
BRDA:400,51,0,0
BRDA:400,51,1,0
BRDA:445,52,0,0
BRDA:445,52,1,0
BRDA:452,53,0,0
BRDA:452,53,1,0
BRDA:476,54,0,0
BRDA:476,54,1,0
BRDA:519,55,0,0
BRDA:519,55,1,0
BRDA:539,56,0,0
BRDA:539,56,1,0
BRDA:595,57,0,0
BRDA:595,57,1,0
BRF:116
BRH:0
end_of_record
TN:
SF:src/routes/users.ts
FN:13,(anonymous_1)
FN:28,(anonymous_2)
FN:49,(anonymous_3)
FN:78,(anonymous_4)
FN:116,(anonymous_5)
FN:191,(anonymous_6)
FN:265,(anonymous_7)
FN:308,(anonymous_8)
FN:352,(anonymous_9)
FN:395,(anonymous_10)
FN:418,(anonymous_11)
FN:419,(anonymous_12)
FN:433,(anonymous_13)
FN:447,(anonymous_14)
FN:480,(anonymous_15)
FNF:15
FNH:0
FNDA:0,(anonymous_1)
FNDA:0,(anonymous_2)
FNDA:0,(anonymous_3)
FNDA:0,(anonymous_4)
FNDA:0,(anonymous_5)
FNDA:0,(anonymous_6)
FNDA:0,(anonymous_7)
FNDA:0,(anonymous_8)
FNDA:0,(anonymous_9)
FNDA:0,(anonymous_10)
FNDA:0,(anonymous_11)
FNDA:0,(anonymous_12)
FNDA:0,(anonymous_13)
FNDA:0,(anonymous_14)
FNDA:0,(anonymous_15)
DA:1,0
DA:2,0
DA:3,0
DA:4,0
DA:5,0
DA:6,0
DA:7,0
DA:8,0
DA:10,0
DA:13,0
DA:14,0
DA:15,0
DA:16,0
DA:17,0
DA:18,0
DA:19,0
DA:21,0
DA:23,0
DA:24,0
DA:27,0
DA:28,0
DA:29,0
DA:35,0
DA:36,0
DA:38,0
DA:44,0
DA:49,0
DA:73,0
DA:78,0
DA:79,0
DA:80,0
DA:82,0
DA:87,0
DA:88,0
DA:91,0
DA:111,0
DA:116,0
DA:117,0
DA:118,0
DA:120,0
DA:125,0
DA:126,0
DA:131,0
DA:132,0
DA:135,0
DA:136,0
DA:137,0
DA:140,0
DA:154,0
DA:156,0
DA:165,0
DA:167,0
DA:186,0
DA:191,0
DA:192,0
DA:193,0
DA:194,0
DA:196,0
DA:201,0
DA:202,0
DA:205,0
DA:210,0
DA:211,0
DA:212,0
DA:213,0
DA:216,0
DA:221,0
DA:225,0
DA:226,0
DA:227,0
DA:238,0
DA:240,0
DA:260,0
DA:265,0
DA:266,0
DA:267,0
DA:269,0
DA:274,0
DA:275,0
DA:278,0
DA:286,0
DA:295,0
DA:297,0
DA:303,0
DA:308,0
DA:309,0
DA:310,0
DA:311,0
DA:313,0
DA:318,0
DA:319,0
DA:322,0
DA:330,0
DA:339,0
DA:341,0
DA:347,0
DA:352,0
DA:353,0
DA:354,0
DA:356,0
DA:361,0
DA:362,0
DA:365,0
DA:373,0
DA:382,0
DA:384,0
DA:390,0
DA:395,0
DA:396,0
DA:397,0
DA:398,0
DA:400,0
DA:405,0
DA:406,0
DA:409,0
DA:410,0
DA:412,0
DA:418,0
DA:419,0
DA:421,0
DA:433,0
DA:442,0
DA:447,0
DA:448,0
DA:449,0
DA:450,0
DA:451,0
DA:452,0
DA:454,0
DA:459,0
DA:460,0
DA:463,0
DA:466,0
DA:468,0
DA:475,0
DA:480,0
DA:507,0
DA:511,0
LF:138
LH:0
BRDA:15,0,0,0
BRDA:15,0,1,0
BRDA:16,1,0,0
BRDA:16,1,1,0
BRDA:23,2,0,0
BRDA:23,2,1,0
BRDA:27,3,0,0
BRDA:27,3,1,0
BRDA:87,4,0,0
BRDA:87,4,1,0
BRDA:118,5,0,0
BRDA:125,6,0,0
BRDA:125,6,1,0
BRDA:136,7,0,0
BRDA:136,7,1,0
BRDA:149,8,0,0
BRDA:149,8,1,0
BRDA:161,9,0,0
BRDA:161,9,1,0
BRDA:165,10,0,0
BRDA:165,10,1,0
BRDA:201,11,0,0
BRDA:201,11,1,0
BRDA:210,12,0,0
BRDA:210,12,1,0
BRDA:211,13,0,0
BRDA:211,13,1,0
BRDA:212,14,0,0
BRDA:212,14,1,0
BRDA:213,15,0,0
BRDA:213,15,1,0
BRDA:226,16,0,0
BRDA:226,16,1,0
BRDA:226,17,0,0
BRDA:226,17,1,0
BRDA:232,18,0,0
BRDA:232,18,1,0
BRDA:238,19,0,0
BRDA:238,19,1,0
BRDA:274,20,0,0
BRDA:274,20,1,0
BRDA:291,21,0,0
BRDA:291,21,1,0
BRDA:295,22,0,0
BRDA:295,22,1,0
BRDA:318,23,0,0
BRDA:318,23,1,0
BRDA:335,24,0,0
BRDA:335,24,1,0
BRDA:339,25,0,0
BRDA:339,25,1,0
BRDA:361,26,0,0
BRDA:361,26,1,0
BRDA:378,27,0,0
BRDA:378,27,1,0
BRDA:382,28,0,0
BRDA:382,28,1,0
BRDA:398,29,0,0
BRDA:398,29,1,0
BRDA:405,30,0,0
BRDA:405,30,1,0
BRDA:418,31,0,0
BRDA:418,31,1,0
BRDA:419,32,0,0
BRDA:419,32,1,0
BRDA:450,33,0,0
BRDA:450,33,1,0
BRDA:451,34,0,0
BRDA:451,34,1,0
BRDA:459,35,0,0
BRDA:459,35,1,0
BRF:71
BRH:0
end_of_record
TN:
SF:src/routes/webhooks.ts
FN:19,(anonymous_0)
FN:91,(anonymous_1)
FN:168,(anonymous_2)
FNF:3
FNH:0
FNDA:0,(anonymous_0)
FNDA:0,(anonymous_1)
FNDA:0,(anonymous_2)
DA:1,0
DA:2,0
DA:3,0
DA:4,0
DA:13,0
DA:19,0
DA:20,0
DA:21,0
DA:23,0
DA:24,0
DA:30,0
DA:33,0
DA:34,0
DA:35,0
DA:36,0
DA:46,0
DA:48,0
DA:51,0
DA:54,0
DA:55,0
DA:59,0
DA:60,0
DA:64,0
DA:65,0
DA:68,0
DA:72,0
DA:82,0
DA:83,0
DA:91,0
DA:92,0
DA:94,0
DA:95,0
DA:96,0
DA:97,0
DA:98,0
DA:100,0
DA:101,0
DA:107,0
DA:110,0
DA:111,0
DA:112,0
DA:113,0
DA:123,0
DA:125,0
DA:128,0
DA:130,0
DA:131,0
DA:137,0
DA:138,0
DA:141,0
DA:142,0
DA:145,0
DA:149,0
DA:159,0
DA:160,0
DA:168,0
DA:169,0
DA:183,0
LF:58
LH:0
BRDA:23,0,0,0
BRDA:23,0,1,0
BRDA:34,1,0,0
BRDA:34,1,1,0
BRDA:51,2,0,0
BRDA:51,2,1,0
BRDA:51,2,2,0
BRDA:51,2,3,0
BRDA:51,2,4,0
BRDA:51,2,5,0
BRDA:51,2,6,0
BRDA:100,3,0,0
BRDA:100,3,1,0
BRDA:100,4,0,0
BRDA:100,4,1,0
BRDA:111,5,0,0
BRDA:111,5,1,0
BRDA:128,6,0,0
BRDA:128,6,1,0
BRDA:128,6,2,0
BRDA:128,6,3,0
BRDA:128,6,4,0
BRDA:128,6,5,0
BRF:23
BRH:0
end_of_record
TN:
SF:src/services/email.ts
FN:20,(anonymous_1)
FN:27,(anonymous_2)
FN:58,(anonymous_3)
FN:87,(anonymous_4)
FN:206,(anonymous_5)
FN:361,(anonymous_6)
FNF:6
FNH:0
FNDA:0,(anonymous_1)
FNDA:0,(anonymous_2)
FNDA:0,(anonymous_3)
FNDA:0,(anonymous_4)
FNDA:0,(anonymous_5)
FNDA:0,(anonymous_6)
DA:1,0
DA:2,0
DA:3,0
DA:17,0
DA:18,0
DA:21,0
DA:28,0
DA:30,0
DA:31,0
DA:32,0
DA:33,0
DA:36,0
DA:37,0
DA:47,0
DA:48,0
DA:50,0
DA:51,0
DA:59,0
DA:60,0
DA:61,0
DA:64,0
DA:65,0
DA:67,0
DA:75,0
DA:76,0
DA:78,0
DA:79,0
DA:98,0
DA:99,0
DA:101,0
DA:175,0
DA:194,0
DA:219,0
DA:228,0
DA:229,0
DA:232,0
DA:235,0
DA:324,0
DA:350,0
DA:362,0
DA:367,0
LF:41
LH:0
BRDA:30,0,0,0
BRDA:30,0,1,0
BRDA:30,1,0,0
BRDA:30,1,1,0
BRDA:30,1,2,0
BRDA:59,2,0,0
BRDA:59,2,1,0
BRDA:59,3,0,0
BRDA:59,3,1,0
BRDA:68,4,0,0
BRDA:68,4,1,0
BRDA:98,5,0,0
BRDA:98,5,1,0
BRDA:228,6,0,0
BRDA:228,6,1,0
BRDA:232,7,0,0
BRDA:232,7,1,0
BRDA:232,7,2,0
BRDA:298,8,0,0
BRDA:298,8,1,0
BRDA:302,9,0,0
BRDA:302,9,1,0
BRDA:334,10,0,0
BRDA:334,10,1,0
BRDA:337,11,0,0
BRDA:337,11,1,0
BRF:26
BRH:0
end_of_record
TN:
SF:src/services/index.ts
FN:8,(anonymous_4)
FN:9,(anonymous_5)
FN:13,(anonymous_6)
FN:14,(anonymous_7)
FN:19,(anonymous_8)
FN:20,(anonymous_9)
FN:21,(anonymous_10)
FN:26,(anonymous_11)
FN:27,(anonymous_12)
FN:32,(anonymous_13)
FN:33,(anonymous_14)
FN:43,(anonymous_15)
FNF:12
FNH:0
FNDA:0,(anonymous_4)
FNDA:0,(anonymous_5)
FNDA:0,(anonymous_6)
FNDA:0,(anonymous_7)
FNDA:0,(anonymous_8)
FNDA:0,(anonymous_9)
FNDA:0,(anonymous_10)
FNDA:0,(anonymous_11)
FNDA:0,(anonymous_12)
FNDA:0,(anonymous_13)
FNDA:0,(anonymous_14)
FNDA:0,(anonymous_15)
DA:7,0
DA:8,0
DA:9,0
DA:12,0
DA:13,0
DA:14,0
DA:18,0
DA:19,0
DA:20,0
DA:21,0
DA:25,0
DA:26,0
DA:27,0
DA:31,0
DA:32,0
DA:33,0
DA:37,0
DA:40,0
DA:43,0
LF:19
LH:0
BRF:0
BRH:0
end_of_record
TN:
SF:src/services/cache/cache-strategy.ts
FN:10,(anonymous_0)
FN:101,(anonymous_1)
FN:113,(anonymous_2)
FN:121,(anonymous_3)
FN:125,(anonymous_4)
FN:133,(anonymous_5)
FN:137,(anonymous_6)
FN:151,(anonymous_7)
FN:162,(anonymous_8)
FN:196,(anonymous_9)
FN:224,(anonymous_10)
FN:240,(anonymous_11)
FN:258,(anonymous_12)
FN:282,(anonymous_13)
FN:306,(anonymous_14)
FN:317,(anonymous_15)
FN:334,(anonymous_16)
FN:347,(anonymous_17)
FN:362,(anonymous_18)
FN:386,(anonymous_19)
FN:394,(anonymous_20)
FN:401,(anonymous_21)
FN:409,getCacheStrategyService
FN:417,Cacheable
FN:418,(anonymous_24)
FN:422,(anonymous_25)
FN:446,CacheEvict
FN:447,(anonymous_27)
FN:451,(anonymous_28)
FNF:29
FNH:0
FNDA:0,(anonymous_0)
FNDA:0,(anonymous_1)
FNDA:0,(anonymous_2)
FNDA:0,(anonymous_3)
FNDA:0,(anonymous_4)
FNDA:0,(anonymous_5)
FNDA:0,(anonymous_6)
FNDA:0,(anonymous_7)
FNDA:0,(anonymous_8)
FNDA:0,(anonymous_9)
FNDA:0,(anonymous_10)
FNDA:0,(anonymous_11)
FNDA:0,(anonymous_12)
FNDA:0,(anonymous_13)
FNDA:0,(anonymous_14)
FNDA:0,(anonymous_15)
FNDA:0,(anonymous_16)
FNDA:0,(anonymous_17)
FNDA:0,(anonymous_18)
FNDA:0,(anonymous_19)
FNDA:0,(anonymous_20)
FNDA:0,(anonymous_21)
FNDA:0,getCacheStrategyService
FNDA:0,Cacheable
FNDA:0,(anonymous_24)
FNDA:0,(anonymous_25)
FNDA:0,CacheEvict
FNDA:0,(anonymous_27)
FNDA:0,(anonymous_28)
DA:6,0
DA:7,0
DA:10,0
DA:11,0
DA:12,0
DA:13,0
DA:25,0
DA:95,0
DA:102,0
DA:103,0
DA:105,0
DA:106,0
DA:107,0
DA:110,0
DA:114,0
DA:122,0
DA:126,0
DA:127,0
DA:128,0
DA:134,0
DA:138,0
DA:146,0
DA:147,0
DA:148,0
DA:152,0
DA:163,0
DA:166,0
DA:167,0
DA:168,0
DA:169,0
DA:170,0
DA:175,0
DA:176,0
DA:177,0
DA:178,0
DA:179,0
DA:181,0
DA:182,0
DA:185,0
DA:189,0
DA:202,0
DA:203,0
DA:206,0
DA:207,0
DA:211,0
DA:212,0
DA:213,0
DA:214,0
DA:216,0
DA:226,0
DA:229,0
DA:230,0
DA:231,0
DA:233,0
DA:242,0
DA:245,0
DA:246,0
DA:247,0
DA:248,0
DA:250,0
DA:264,0
DA:265,0
DA:266,0
DA:270,0
DA:273,0
DA:275,0
DA:287,0
DA:290,0
DA:292,0
DA:293,0
DA:297,0
DA:298,0
DA:299,0
DA:311,0
DA:313,0
DA:314,0
DA:316,0
DA:318,0
DA:319,0
DA:320,0
DA:322,0
DA:328,0
DA:338,0
DA:348,0
DA:350,0
DA:352,0
DA:353,0
DA:355,0
DA:364,0
DA:365,0
DA:369,0
DA:370,0
DA:371,0
DA:376,0
DA:387,0
DA:388,0
DA:395,0
DA:402,0
DA:407,0
DA:409,0
DA:410,0
DA:411,0
DA:413,0
DA:417,0
DA:418,0
DA:419,0
DA:420,0
DA:422,0
DA:424,0
DA:427,0
DA:428,0
DA:429,0
DA:433,0
DA:436,0
DA:438,0
DA:441,0
DA:446,0
DA:447,0
DA:448,0
DA:449,0
DA:451,0
DA:453,0
DA:456,0
DA:457,0
DA:458,0
DA:459,0
DA:460,0
DA:464,0
DA:465,0
DA:468,0
DA:471,0
DA:475,0
LF:132
LH:0
BRDA:10,0,0,0
BRDA:10,0,1,0
BRDA:103,1,0,0
BRDA:103,1,1,0
BRDA:105,2,0,0
BRDA:105,2,1,0
BRDA:113,3,0,0
BRDA:127,4,0,0
BRDA:127,4,1,0
BRDA:163,5,0,0
BRDA:163,5,1,0
BRDA:166,6,0,0
BRDA:166,6,1,0
BRDA:166,7,0,0
BRDA:166,7,1,0
BRDA:168,8,0,0
BRDA:168,8,1,0
BRDA:175,9,0,0
BRDA:175,9,1,0
BRDA:178,10,0,0
BRDA:178,10,1,0
BRDA:202,11,0,0
BRDA:202,11,1,0
BRDA:203,12,0,0
BRDA:203,12,1,0
BRDA:206,13,0,0
BRDA:206,13,1,0
BRDA:206,14,0,0
BRDA:206,14,1,0
BRDA:211,15,0,0
BRDA:211,15,1,0
BRDA:265,16,0,0
BRDA:265,16,1,0
BRDA:287,17,0,0
BRDA:287,17,1,0
BRDA:292,18,0,0
BRDA:292,18,1,0
BRDA:364,19,0,0
BRDA:364,19,1,0
BRDA:370,20,0,0
BRDA:370,20,1,0
BRDA:370,21,0,0
BRDA:370,21,1,0
BRDA:370,21,2,0
BRDA:410,22,0,0
BRDA:410,22,1,0
BRDA:428,23,0,0
BRDA:428,23,1,0
BRDA:446,24,0,0
BRDA:456,25,0,0
BRDA:456,25,1,0
BRDA:458,26,0,0
BRDA:458,26,1,0
BRF:53
BRH:0
end_of_record
TN:
SF:src/services/cache/index.ts
FN:2,(anonymous_0)
FN:2,(anonymous_1)
FN:3,(anonymous_2)
FN:3,(anonymous_3)
FN:5,(anonymous_4)
FN:5,(anonymous_5)
FNF:6
FNH:0
FNDA:0,(anonymous_0)
FNDA:0,(anonymous_1)
FNDA:0,(anonymous_2)
FNDA:0,(anonymous_3)
FNDA:0,(anonymous_4)
FNDA:0,(anonymous_5)
DA:2,0
DA:3,0
DA:5,0
LF:3
LH:0
BRF:0
BRH:0
end_of_record
TN:
SF:src/services/cache/nodeConfigCache.ts
FN:25,(anonymous_0)
FN:30,(anonymous_1)
FN:35,(anonymous_2)
FN:50,(anonymous_3)
FN:61,(anonymous_4)
FN:72,(anonymous_5)
FN:92,(anonymous_6)
FN:112,(anonymous_7)
FN:115,(anonymous_8)
FN:123,(anonymous_9)
FN:143,(anonymous_10)
FN:153,(anonymous_11)
FN:170,(anonymous_12)
FN:187,(anonymous_13)
FN:198,(anonymous_14)
FN:209,(anonymous_15)
FN:220,(anonymous_16)
FN:223,(anonymous_17)
FN:231,(anonymous_18)
FN:234,(anonymous_19)
FN:245,getNodeConfigCache
FNF:21
FNH:0
FNDA:0,(anonymous_0)
FNDA:0,(anonymous_1)
FNDA:0,(anonymous_2)
FNDA:0,(anonymous_3)
FNDA:0,(anonymous_4)
FNDA:0,(anonymous_5)
FNDA:0,(anonymous_6)
FNDA:0,(anonymous_7)
FNDA:0,(anonymous_8)
FNDA:0,(anonymous_9)
FNDA:0,(anonymous_10)
FNDA:0,(anonymous_11)
FNDA:0,(anonymous_12)
FNDA:0,(anonymous_13)
FNDA:0,(anonymous_14)
FNDA:0,(anonymous_15)
FNDA:0,(anonymous_16)
FNDA:0,(anonymous_17)
FNDA:0,(anonymous_18)
FNDA:0,(anonymous_19)
FNDA:0,getNodeConfigCache
DA:1,0
DA:2,0
DA:20,0
DA:22,0
DA:23,0
DA:26,0
DA:31,0
DA:36,0
DA:37,0
DA:38,0
DA:42,0
DA:44,0
DA:45,0
DA:51,0
DA:52,0
DA:53,0
DA:55,0
DA:56,0
DA:62,0
DA:63,0
DA:64,0
DA:66,0
DA:67,0
DA:76,0
DA:77,0
DA:79,0
DA:80,0
DA:81,0
DA:82,0
DA:84,0
DA:88,0
DA:96,0
DA:97,0
DA:99,0
DA:100,0
DA:101,0
DA:102,0
DA:104,0
DA:108,0
DA:113,0
DA:114,0
DA:115,0
DA:117,0
DA:118,0
DA:124,0
DA:125,0
DA:126,0
DA:128,0
DA:129,0
DA:130,0
DA:131,0
DA:135,0
DA:137,0
DA:138,0
DA:144,0
DA:145,0
DA:147,0
DA:148,0
DA:154,0
DA:155,0
DA:156,0
DA:157,0
DA:160,0
DA:161,0
DA:162,0
DA:164,0
DA:165,0
DA:171,0
DA:172,0
DA:173,0
DA:174,0
DA:177,0
DA:178,0
DA:179,0
DA:181,0
DA:182,0
DA:188,0
DA:189,0
DA:190,0
DA:192,0
DA:193,0
DA:199,0
DA:200,0
DA:201,0
DA:203,0
DA:204,0
DA:210,0
DA:211,0
DA:212,0
DA:214,0
DA:215,0
DA:221,0
DA:222,0
DA:223,0
DA:225,0
DA:226,0
DA:232,0
DA:233,0
DA:234,0
DA:236,0
DA:237,0
DA:243,0
DA:245,0
DA:246,0
DA:247,0
DA:249,0
DA:252,0
LF:107
LH:0
BRDA:26,0,0,0
BRDA:26,0,1,0
BRDA:81,1,0,0
BRDA:81,1,1,0
BRDA:101,2,0,0
BRDA:101,2,1,0
BRDA:130,3,0,0
BRDA:130,3,1,0
BRDA:156,4,0,0
BRDA:156,4,1,0
BRDA:173,5,0,0
BRDA:173,5,1,0
BRDA:246,6,0,0
BRDA:246,6,1,0
BRF:14
BRH:0
end_of_record
TN:
SF:src/services/cache/redis.ts
FN:10,(anonymous_1)
FN:15,(anonymous_2)
FN:22,(anonymous_3)
FN:33,(anonymous_4)
FN:38,(anonymous_5)
FN:43,(anonymous_6)
FN:48,(anonymous_7)
FN:59,(anonymous_8)
FN:64,(anonymous_9)
FN:69,(anonymous_10)
FN:86,(anonymous_11)
FN:97,(anonymous_12)
FN:109,(anonymous_13)
FN:125,(anonymous_14)
FN:136,(anonymous_15)
FN:148,(anonymous_16)
FN:160,(anonymous_17)
FN:172,(anonymous_18)
FN:183,(anonymous_19)
FN:194,(anonymous_20)
FN:206,(anonymous_21)
FN:218,(anonymous_22)
FN:229,(anonymous_23)
FN:241,(anonymous_24)
FN:252,(anonymous_25)
FN:264,getRedisClient
FNF:26
FNH:0
FNDA:0,(anonymous_1)
FNDA:0,(anonymous_2)
FNDA:0,(anonymous_3)
FNDA:0,(anonymous_4)
FNDA:0,(anonymous_5)
FNDA:0,(anonymous_6)
FNDA:0,(anonymous_7)
FNDA:0,(anonymous_8)
FNDA:0,(anonymous_9)
FNDA:0,(anonymous_10)
FNDA:0,(anonymous_11)
FNDA:0,(anonymous_12)
FNDA:0,(anonymous_13)
FNDA:0,(anonymous_14)
FNDA:0,(anonymous_15)
FNDA:0,(anonymous_16)
FNDA:0,(anonymous_17)
FNDA:0,(anonymous_18)
FNDA:0,(anonymous_19)
FNDA:0,(anonymous_20)
FNDA:0,(anonymous_21)
FNDA:0,(anonymous_22)
FNDA:0,(anonymous_23)
FNDA:0,(anonymous_24)
FNDA:0,(anonymous_25)
FNDA:0,getRedisClient
DA:1,0
DA:2,0
DA:3,0
DA:6,0
DA:7,0
DA:8,0
DA:11,0
DA:16,0
DA:17,0
DA:23,0
DA:24,0
DA:26,0
DA:33,0
DA:34,0
DA:35,0
DA:38,0
DA:39,0
DA:40,0
DA:43,0
DA:44,0
DA:45,0
DA:48,0
DA:49,0
DA:50,0
DA:53,0
DA:54,0
DA:60,0
DA:65,0
DA:70,0
DA:71,0
DA:73,0
DA:74,0
DA:76,0
DA:78,0
DA:80,0
DA:81,0
DA:87,0
DA:88,0
DA:89,0
DA:91,0
DA:92,0
DA:98,0
DA:99,0
DA:100,0
DA:101,0
DA:103,0
DA:104,0
DA:110,0
DA:111,0
DA:113,0
DA:114,0
DA:115,0
DA:117,0
DA:119,0
DA:120,0
DA:126,0
DA:127,0
DA:128,0
DA:130,0
DA:131,0
DA:137,0
DA:138,0
DA:139,0
DA:140,0
DA:142,0
DA:143,0
DA:149,0
DA:150,0
DA:151,0
DA:152,0
DA:154,0
DA:155,0
DA:161,0
DA:162,0
DA:163,0
DA:164,0
DA:166,0
DA:167,0
DA:173,0
DA:174,0
DA:175,0
DA:177,0
DA:178,0
DA:184,0
DA:185,0
DA:186,0
DA:188,0
DA:189,0
DA:195,0
DA:196,0
DA:197,0
DA:198,0
DA:200,0
DA:201,0
DA:207,0
DA:208,0
DA:209,0
DA:210,0
DA:212,0
DA:213,0
DA:219,0
DA:220,0
DA:221,0
DA:223,0
DA:224,0
DA:230,0
DA:231,0
DA:232,0
DA:233,0
DA:235,0
DA:236,0
DA:242,0
DA:243,0
DA:244,0
DA:246,0
DA:247,0
DA:253,0
DA:254,0
DA:255,0
DA:256,0
DA:262,0
DA:264,0
DA:265,0
DA:266,0
DA:268,0
DA:271,0
LF:126
LH:0
BRDA:20,0,0,0
BRDA:20,0,1,0
BRDA:23,1,0,0
BRDA:23,1,1,0
BRDA:60,2,0,0
BRDA:60,2,1,0
BRDA:71,3,0,0
BRDA:71,3,1,0
BRDA:73,4,0,0
BRDA:73,4,1,0
BRDA:88,5,0,0
BRDA:88,5,1,0
BRDA:99,6,0,0
BRDA:99,6,1,0
BRDA:111,7,0,0
BRDA:111,7,1,0
BRDA:114,8,0,0
BRDA:114,8,1,0
BRDA:139,9,0,0
BRDA:139,9,1,0
BRDA:150,10,0,0
BRDA:150,10,1,0
BRDA:162,11,0,0
BRDA:162,11,1,0
BRDA:174,12,0,0
BRDA:174,12,1,0
BRDA:185,13,0,0
BRDA:185,13,1,0
BRDA:196,14,0,0
BRDA:196,14,1,0
BRDA:208,15,0,0
BRDA:208,15,1,0
BRDA:220,16,0,0
BRDA:220,16,1,0
BRDA:231,17,0,0
BRDA:231,17,1,0
BRDA:243,18,0,0
BRDA:243,18,1,0
BRDA:253,19,0,0
BRDA:253,19,1,0
BRDA:265,20,0,0
BRDA:265,20,1,0
BRF:42
BRH:0
end_of_record
TN:
SF:src/services/cache/userConfigCache.ts
FN:29,(anonymous_0)
FN:34,(anonymous_1)
FN:39,(anonymous_2)
FN:54,(anonymous_3)
FN:65,(anonymous_4)
FN:76,(anonymous_5)
FN:96,(anonymous_6)
FN:116,(anonymous_7)
FN:119,(anonymous_8)
FN:127,(anonymous_9)
FN:137,(anonymous_10)
FN:154,(anonymous_11)
FN:165,(anonymous_12)
FN:176,(anonymous_13)
FN:190,getUserConfigCache
FNF:15
[...]
BRDA:456,19,1,0
BRDA:463,20,0,0
BRDA:463,20,1,0
BRDA:463,20,2,0
BRDA:463,20,3,0
BRDA:465,21,0,0
BRDA:465,21,1,0
BRDA:467,22,0,0
BRDA:467,22,1,0
BRDA:481,23,0,0
BRDA:481,23,1,0
BRDA:499,24,0,0
BRDA:506,25,0,0
BRDA:506,25,1,0
BRDA:532,26,0,0
BRDA:532,26,1,0
BRF:58
BRH:0
end_of_record
TN:
SF:src/services/xray/api.ts
FN:9,(anonymous_1)
FN:21,(anonymous_2)
FN:35,(anonymous_3)
FN:62,(anonymous_4)
FN:101,(anonymous_5)
FN:123,(anonymous_6)
FN:138,(anonymous_7)
FN:149,(anonymous_8)
FN:163,(anonymous_9)
FN:177,(anonymous_10)
FN:188,(anonymous_11)
FN:201,getXrayClient
FNF:12
FNH:0
FNDA:0,(anonymous_1)
FNDA:0,(anonymous_2)
FNDA:0,(anonymous_3)
FNDA:0,(anonymous_4)
FNDA:0,(anonymous_5)
FNDA:0,(anonymous_6)
FNDA:0,(anonymous_7)
FNDA:0,(anonymous_8)
FNDA:0,(anonymous_9)
FNDA:0,(anonymous_10)
FNDA:0,(anonymous_11)
FNDA:0,getXrayClient
DA:1,0
DA:2,0
DA:5,0
DA:10,0
DA:11,0
DA:22,0
DA:23,0
DA:27,0
DA:29,0
DA:30,0
DA:39,0
DA:40,0
DA:51,0
DA:56,0
DA:57,0
DA:63,0
DA:64,0
DA:69,0
DA:70,0
DA:73,0
DA:74,0
DA:75,0
DA:76,0
DA:77,0
DA:78,0
DA:80,0
DA:81,0
DA:84,0
DA:85,0
DA:86,0
DA:88,0
DA:93,0
DA:95,0
DA:96,0
DA:109,0
DA:110,0
DA:114,0
DA:115,0
DA:117,0
DA:118,0
DA:124,0
DA:125,0
DA:129,0
DA:130,0
DA:132,0
DA:133,0
DA:139,0
DA:140,0
DA:141,0
DA:143,0
DA:144,0
DA:150,0
DA:151,0
DA:154,0
DA:155,0
DA:157,0
DA:158,0
DA:164,0
DA:165,0
DA:168,0
DA:169,0
DA:171,0
DA:172,0
DA:178,0
DA:179,0
DA:180,0
DA:182,0
DA:183,0
DA:189,0
DA:190,0
DA:191,0
DA:193,0
DA:199,0
DA:201,0
DA:202,0
DA:203,0
DA:205,0
DA:208,0
LF:78
LH:0
BRDA:9,0,0,0
BRDA:21,1,0,0
BRDA:35,2,0,0
BRDA:52,3,0,0
BRDA:52,3,1,0
BRDA:53,4,0,0
BRDA:53,4,1,0
BRDA:62,5,0,0
BRDA:70,6,0,0
BRDA:70,6,1,0
BRDA:75,7,0,0
BRDA:75,7,1,0
BRDA:78,8,0,0
BRDA:78,8,1,0
BRDA:80,9,0,0
BRDA:80,9,1,0
BRDA:85,10,0,0
BRDA:85,10,1,0
BRDA:141,11,0,0
BRDA:141,11,1,0
BRDA:202,12,0,0
BRDA:202,12,1,0
BRDA:202,13,0,0
BRDA:202,13,1,0
BRF:24
BRH:0
end_of_record
TN:
SF:src/services/xray/client.ts
FN:62,(anonymous_1)
FN:76,(anonymous_2)
FN:80,(anonymous_3)
FN:85,(anonymous_4)
FN:86,(anonymous_5)
FN:94,(anonymous_6)
FN:108,(anonymous_7)
FN:121,(anonymous_8)
FN:128,(anonymous_9)
FN:142,(anonymous_10)
FN:153,(anonymous_11)
FN:188,(anonymous_12)
FN:210,(anonymous_13)
FN:247,(anonymous_14)
FN:258,(anonymous_15)
FN:269,(anonymous_16)
FN:283,(anonymous_17)
FN:299,(anonymous_18)
FN:312,(anonymous_19)
FN:335,(anonymous_20)
FN:342,(anonymous_21)
FN:353,getXrayClient
FN:360,resetXrayClient
FNF:23
FNH:0
FNDA:0,(anonymous_1)
FNDA:0,(anonymous_2)
FNDA:0,(anonymous_3)
FNDA:0,(anonymous_4)
FNDA:0,(anonymous_5)
FNDA:0,(anonymous_6)
FNDA:0,(anonymous_7)
FNDA:0,(anonymous_8)
FNDA:0,(anonymous_9)
FNDA:0,(anonymous_10)
FNDA:0,(anonymous_11)
FNDA:0,(anonymous_12)
FNDA:0,(anonymous_13)
FNDA:0,(anonymous_14)
FNDA:0,(anonymous_15)
FNDA:0,(anonymous_16)
FNDA:0,(anonymous_17)
FNDA:0,(anonymous_18)
FNDA:0,(anonymous_19)
FNDA:0,(anonymous_20)
FNDA:0,(anonymous_21)
FNDA:0,getXrayClient
FNDA:0,resetXrayClient
DA:1,0
DA:2,0
DA:3,0
DA:56,0
DA:60,0
DA:63,0
DA:64,0
DA:66,0
DA:75,0
DA:77,0
DA:78,0
DA:80,0
DA:84,0
DA:85,0
DA:87,0
DA:88,0
DA:95,0
DA:96,0
DA:97,0
DA:98,0
DA:99,0
DA:100,0
DA:101,0
DA:103,0
DA:109,0
DA:111,0
DA:112,0
DA:113,0
DA:115,0
DA:116,0
DA:122,0
DA:129,0
DA:130,0
DA:134,0
DA:136,0
DA:137,0
DA:143,0
DA:144,0
DA:145,0
DA:147,0
DA:148,0
DA:154,0
DA:155,0
DA:156,0
DA:157,0
DA:159,0
DA:160,0
DA:161,0
DA:162,0
DA:163,0
DA:164,0
DA:166,0
DA:167,0
DA:170,0
DA:171,0
DA:172,0
DA:174,0
DA:176,0
DA:180,0
DA:182,0
DA:183,0
DA:189,0
DA:190,0
DA:195,0
DA:196,0
DA:198,0
DA:204,0
DA:205,0
DA:211,0
DA:212,0
DA:213,0
DA:214,0
DA:216,0
DA:217,0
DA:218,0
DA:219,0
DA:220,0
DA:221,0
DA:223,0
DA:224,0
DA:227,0
DA:228,0
DA:229,0
DA:231,0
DA:233,0
DA:237,0
DA:239,0
DA:240,0
DA:248,0
DA:249,0
DA:250,0
DA:252,0
DA:253,0
DA:259,0
DA:260,0
DA:261,0
DA:263,0
DA:264,0
DA:270,0
DA:271,0
DA:275,0
DA:277,0
DA:278,0
DA:284,0
DA:285,0
DA:289,0
DA:291,0
DA:292,0
DA:300,0
DA:301,0
DA:302,0
DA:304,0
DA:305,0
DA:313,0
DA:314,0
DA:319,0
DA:325,0
DA:326,0
DA:338,0
DA:345,0
DA:346,0
DA:351,0
DA:353,0
DA:354,0
DA:355,0
DA:357,0
DA:360,0
DA:361,0
DA:364,0
LF:129
LH:0
BRDA:63,0,0,0
BRDA:63,0,1,0
BRDA:63,0,2,0
BRDA:64,1,0,0
BRDA:64,1,1,0
BRDA:64,1,2,0
BRDA:95,2,0,0
BRDA:95,2,1,0
BRDA:98,3,0,0
BRDA:98,3,1,0
BRDA:100,4,0,0
BRDA:100,4,1,0
BRDA:128,5,0,0
BRDA:153,6,0,0
BRDA:157,7,0,0
BRDA:157,7,1,0
BRDA:161,8,0,0
BRDA:161,8,1,0
BRDA:164,9,0,0
BRDA:164,9,1,0
BRDA:166,10,0,0
BRDA:166,10,1,0
BRDA:171,11,0,0
BRDA:171,11,1,0
BRDA:188,12,0,0
BRDA:195,13,0,0
BRDA:195,13,1,0
BRDA:196,14,0,0
BRDA:196,14,1,0
BRDA:210,15,0,0
BRDA:214,16,0,0
BRDA:214,16,1,0
BRDA:218,17,0,0
BRDA:218,17,1,0
BRDA:221,18,0,0
BRDA:221,18,1,0
BRDA:223,19,0,0
BRDA:223,19,1,0
BRDA:228,20,0,0
BRDA:228,20,1,0
BRDA:354,21,0,0
BRDA:354,21,1,0
BRF:42
BRH:0
end_of_record
TN:
SF:src/services/xray/config.ts
FN:113,(anonymous_0)
FN:118,(anonymous_1)
FN:164,(anonymous_2)
FN:184,(anonymous_3)
FN:207,(anonymous_4)
FN:219,(anonymous_5)
FN:247,(anonymous_6)
FN:259,(anonymous_7)
FN:287,(anonymous_8)
FN:298,(anonymous_9)
FN:322,(anonymous_10)
FN:331,(anonymous_11)
FN:348,(anonymous_12)
FN:363,(anonymous_13)
FN:407,(anonymous_14)
FN:412,(anonymous_15)
FN:418,generateX25519Keys
FN:428,generateUUID
FN:433,generatePassword
FN:443,generateShortId
FNF:20
FNH:0
FNDA:0,(anonymous_0)
FNDA:0,(anonymous_1)
FNDA:0,(anonymous_2)
FNDA:0,(anonymous_3)
FNDA:0,(anonymous_4)
FNDA:0,(anonymous_5)
FNDA:0,(anonymous_6)
FNDA:0,(anonymous_7)
FNDA:0,(anonymous_8)
FNDA:0,(anonymous_9)
FNDA:0,(anonymous_10)
FNDA:0,(anonymous_11)
FNDA:0,(anonymous_12)
FNDA:0,(anonymous_13)
FNDA:0,(anonymous_14)
FNDA:0,(anonymous_15)
FNDA:0,generateX25519Keys
FNDA:0,generateUUID
FNDA:0,generatePassword
FNDA:0,generateShortId
DA:1,0
DA:110,0
DA:114,0
DA:119,0
DA:169,0
DA:179,0
DA:184,0
DA:202,0
DA:203,0
DA:214,0
DA:219,0
DA:242,0
DA:243,0
DA:254,0
DA:259,0
DA:282,0
DA:283,0
DA:293,0
DA:298,0
DA:317,0
DA:318,0
DA:326,0
DA:331,0
DA:343,0
DA:344,0
DA:349,0
DA:358,0
DA:359,0
DA:364,0
DA:403,0
DA:408,0
DA:413,0
DA:418,0
DA:421,0
DA:428,0
DA:429,0
DA:433,0
DA:434,0
DA:435,0
DA:436,0
DA:437,0
DA:439,0
DA:443,0
DA:444,0
DA:445,0
DA:446,0
DA:447,0
DA:449,0
DA:452,0
LF:49
LH:0
BRDA:165,0,0,0
BRDA:166,1,0,0
BRDA:167,2,0,0
BRDA:174,3,0,0
BRDA:174,3,1,0
BRDA:175,4,0,0
BRDA:175,4,1,0
BRDA:208,5,0,0
BRDA:209,6,0,0
BRDA:210,7,0,0
BRDA:211,8,0,0
BRDA:212,9,0,0
BRDA:248,10,0,0
BRDA:249,11,0,0
BRDA:250,12,0,0
BRDA:251,13,0,0
BRDA:252,14,0,0
BRDA:288,15,0,0
BRDA:289,16,0,0
BRDA:290,17,0,0
BRDA:291,18,0,0
BRDA:323,19,0,0
BRDA:324,20,0,0
BRDA:334,21,0,0
BRDA:334,21,1,0
BRDA:348,22,0,0
BRDA:433,23,0,0
BRDA:443,24,0,0
BRF:28
BRH:0
end_of_record
TN:
SF:src/services/xray/index.ts
FN:2,(anonymous_0)
FN:2,(anonymous_1)
FN:2,(anonymous_2)
FN:2,(anonymous_3)
FN:17,(anonymous_4)
FN:17,(anonymous_5)
FN:17,(anonymous_6)
FN:26,(anonymous_7)
FN:26,(anonymous_8)
FN:28,(anonymous_9)
FN:31,(anonymous_10)
FN:31,(anonymous_11)
FN:33,(anonymous_12)
FN:33,(anonymous_13)
FN:61,initializeXrayService
FN:69,(anonymous_15)
FN:108,shutdownXrayService
FN:131,getXrayServiceStatus
FN:151,reloadXrayConfig
FNF:19
FNH:0
FNDA:0,(anonymous_0)
FNDA:0,(anonymous_1)
FNDA:0,(anonymous_2)
FNDA:0,(anonymous_3)
FNDA:0,(anonymous_4)
FNDA:0,(anonymous_5)
FNDA:0,(anonymous_6)
FNDA:0,(anonymous_7)
FNDA:0,(anonymous_8)
FNDA:0,(anonymous_9)
FNDA:0,(anonymous_10)
FNDA:0,(anonymous_11)
FNDA:0,(anonymous_12)
FNDA:0,(anonymous_13)
FNDA:0,initializeXrayService
FNDA:0,(anonymous_15)
FNDA:0,shutdownXrayService
FNDA:0,getXrayServiceStatus
FNDA:0,reloadXrayConfig
DA:2,0
DA:17,0
DA:26,0
DA:28,0
DA:31,0
DA:33,0
DA:37,0
DA:38,0
DA:39,0
DA:40,0
DA:41,0
DA:52,0
DA:61,0
DA:62,0
DA:64,0
DA:66,0
DA:68,0
DA:69,0
DA:70,0
DA:71,0
DA:73,0
DA:78,0
DA:79,0
DA:80,0
DA:82,0
DA:86,0
DA:87,0
DA:88,0
DA:89,0
DA:93,0
DA:94,0
DA:97,0
DA:100,0
DA:102,0
DA:103,0
DA:108,0
DA:109,0
DA:111,0
DA:113,0
DA:114,0
DA:117,0
DA:118,0
DA:121,0
DA:122,0
DA:124,0
DA:126,0
DA:131,0
DA:137,0
DA:138,0
DA:139,0
DA:140,0
DA:142,0
DA:151,0
DA:155,0
DA:156,0
DA:157,0
DA:159,0
DA:160,0
DA:167,0
DA:169,0
DA:171,0
DA:176,0
DA:177,0
LF:63
LH:0
BRDA:61,0,0,0
BRDA:70,1,0,0
BRDA:70,1,1,0
BRDA:79,2,0,0
BRDA:79,2,1,0
BRDA:86,3,0,0
BRDA:86,3,1,0
BRDA:93,4,0,0
BRDA:93,4,1,0
BRDA:159,5,0,0
BRDA:159,5,1,0
BRDA:179,6,0,0
BRDA:179,6,1,0
BRF:13
BRH:0
end_of_record
TN:
SF:src/services/xray/subscription.ts
FN:38,(anonymous_0)
FN:43,(anonymous_1)
FN:101,(anonymous_2)
FN:140,(anonymous_3)
FN:168,(anonymous_4)
FN:180,(anonymous_5)
FN:196,(anonymous_6)
FN:197,(anonymous_7)
FN:204,(anonymous_8)
FN:211,(anonymous_9)
FN:217,(anonymous_10)
FN:218,(anonymous_11)
FN:321,(anonymous_12)
FN:410,(anonymous_13)
FN:438,(anonymous_14)
FNF:15
FNH:0
FNDA:0,(anonymous_0)
FNDA:0,(anonymous_1)
FNDA:0,(anonymous_2)
FNDA:0,(anonymous_3)
FNDA:0,(anonymous_4)
FNDA:0,(anonymous_5)
FNDA:0,(anonymous_6)
FNDA:0,(anonymous_7)
FNDA:0,(anonymous_8)
FNDA:0,(anonymous_9)
FNDA:0,(anonymous_10)
FNDA:0,(anonymous_11)
FNDA:0,(anonymous_12)
FNDA:0,(anonymous_13)
FNDA:0,(anonymous_14)
DA:1,0
DA:35,0
DA:39,0
DA:57,0
DA:59,0
DA:60,0
DA:64,0
DA:67,0
DA:68,0
DA:69,0
DA:70,0
DA:71,0
DA:73,0
DA:74,0
DA:77,0
DA:78,0
DA:82,0
DA:83,0
DA:84,0
DA:85,0
DA:90,0
DA:91,0
DA:94,0
DA:95,0
DA:97,0
DA:111,0
DA:113,0
DA:114,0
DA:117,0
DA:133,0
DA:134,0
DA:136,0
DA:141,0
DA:143,0
DA:144,0
DA:147,0
DA:149,0
DA:150,0
DA:152,0
DA:153,0
DA:154,0
DA:157,0
DA:158,0
DA:161,0
DA:162,0
DA:164,0
DA:169,0
DA:171,0
DA:172,0
DA:175,0
DA:176,0
DA:181,0
DA:183,0
DA:185,0
DA:187,0
DA:189,0
DA:191,0
DA:197,0
DA:198,0
DA:199,0
DA:201,0
DA:202,0
DA:204,0
DA:206,0
DA:207,0
DA:217,0
DA:218,0
DA:220,0
DA:310,0
DA:322,0
DA:328,0
DA:330,0
DA:357,0
DA:378,0
DA:397,0
DA:405,0
DA:411,0
DA:412,0
DA:414,0
DA:415,0
DA:416,0
DA:417,0
DA:418,0
DA:419,0
DA:420,0
DA:421,0
DA:423,0
DA:426,0
DA:427,0
DA:428,0
DA:430,0
DA:434,0
DA:439,0
DA:440,0
DA:441,0
DA:442,0
DA:443,0
DA:447,0
LF:98
LH:0
BRDA:50,0,0,0
BRDA:51,1,0,0
BRDA:52,2,0,0
BRDA:59,3,0,0
BRDA:59,3,1,0
BRDA:71,4,0,0
BRDA:71,4,1,0
BRDA:73,5,0,0
BRDA:73,5,1,0
BRDA:77,6,0,0
BRDA:77,6,1,0
BRDA:82,7,0,0
BRDA:82,7,1,0
BRDA:82,8,0,0
BRDA:82,8,1,0
BRDA:84,9,0,0
BRDA:84,9,1,0
BRDA:90,10,0,0
BRDA:90,10,1,0
BRDA:91,11,0,0
BRDA:91,11,1,0
BRDA:106,12,0,0
BRDA:107,13,0,0
BRDA:108,14,0,0
BRDA:113,15,0,0
BRDA:113,15,1,0
BRDA:127,16,0,0
BRDA:127,16,1,0
BRDA:128,17,0,0
BRDA:128,17,1,0
BRDA:129,18,0,0
BRDA:129,18,1,0
BRDA:130,19,0,0
BRDA:130,19,1,0
BRDA:141,20,0,0
BRDA:143,21,0,0
BRDA:143,21,1,0
BRDA:152,22,0,0
BRDA:152,22,1,0
BRDA:157,23,0,0
BRDA:157,23,1,0
BRDA:157,24,0,0
BRDA:157,24,1,0
BRDA:171,25,0,0
BRDA:171,25,1,0
BRDA:171,26,0,0
BRDA:171,26,1,0
BRDA:181,27,0,0
BRDA:181,27,1,0
BRDA:181,27,2,0
BRDA:181,27,3,0
BRDA:181,27,4,0
BRDA:328,28,0,0
BRDA:328,28,1,0
BRDA:328,28,2,0
BRDA:328,28,3,0
BRDA:328,28,4,0
BRDA:334,29,0,0
BRDA:334,29,1,0
BRDA:336,30,0,0
BRDA:336,30,1,0
BRDA:337,31,0,0
BRDA:337,31,1,0
BRDA:338,32,0,0
BRDA:338,32,1,0
BRDA:339,33,0,0
BRDA:339,33,1,0
BRDA:340,34,0,0
BRDA:340,34,1,0
BRDA:342,35,0,0
BRDA:342,35,1,0
BRDA:344,36,0,0
BRDA:344,36,1,0
BRDA:348,37,0,0
BRDA:348,37,1,0
BRDA:361,38,0,0
BRDA:361,38,1,0
BRDA:364,39,0,0
BRDA:364,39,1,0
BRDA:365,40,0,0
BRDA:365,40,1,0
BRDA:366,41,0,0
BRDA:366,41,1,0
BRDA:367,42,0,0
BRDA:367,42,1,0
BRDA:369,43,0,0
BRDA:369,43,1,0
BRDA:371,44,0,0
BRDA:371,44,1,0
BRDA:383,45,0,0
BRDA:383,45,1,0
BRDA:384,46,0,0
BRDA:384,46,1,0
BRDA:385,47,0,0
BRDA:385,47,1,0
BRDA:386,48,0,0
BRDA:386,48,1,0
BRDA:388,49,0,0
BRDA:388,49,1,0
BRDA:390,50,0,0
BRDA:390,50,1,0
BRDA:400,51,0,0
BRDA:400,51,1,0
BRDA:410,52,0,0
BRDA:415,53,0,0
BRDA:415,53,1,0
BRDA:418,54,0,0
BRDA:418,54,1,0
BRDA:418,55,0,0
BRDA:418,55,1,0
BRDA:426,56,0,0
BRDA:426,56,1,0
BRDA:426,57,0,0
BRDA:426,57,1,0
BRDA:439,58,0,0
BRDA:439,58,1,0
BRF:116
BRH:0
end_of_record
TN:
SF:src/services/xray/trafficCollector.ts
FN:12,(anonymous_0)
FN:17,(anonymous_1)
FN:22,(anonymous_2)
FN:35,(anonymous_3)
FN:41,(anonymous_4)
FN:55,(anonymous_5)
FN:79,(anonymous_6)
FN:136,(anonymous_7)
FN:161,(anonymous_8)
FN:183,(anonymous_9)
FN:193,(anonymous_10)
FN:222,(anonymous_11)
FN:236,getTrafficCollector
FNF:13
FNH:0
FNDA:0,(anonymous_0)
FNDA:0,(anonymous_1)
FNDA:0,(anonymous_2)
FNDA:0,(anonymous_3)
FNDA:0,(anonymous_4)
FNDA:0,(anonymous_5)
FNDA:0,(anonymous_6)
FNDA:0,(anonymous_7)
FNDA:0,(anonymous_8)
FNDA:0,(anonymous_9)
FNDA:0,(anonymous_10)
FNDA:0,(anonymous_11)
FNDA:0,getTrafficCollector
DA:1,0
DA:2,0
DA:3,0
DA:6,0
DA:8,0
DA:9,0
DA:10,0
DA:13,0
DA:18,0
DA:23,0
DA:24,0
DA:25,0
DA:28,0
DA:29,0
DA:32,0
DA:35,0
DA:36,0
DA:42,0
DA:43,0
DA:46,0
DA:47,0
DA:48,0
DA:49,0
DA:51,0
DA:56,0
DA:58,0
DA:60,0
DA:61,0
DA:64,0
DA:65,0
DA:68,0
DA:69,0
DA:72,0
DA:74,0
DA:84,0
DA:85,0
DA:87,0
DA:88,0
DA:89,0
DA:90,0
DA:93,0
DA:94,0
DA:97,0
DA:101,0
DA:102,0
DA:111,0
DA:121,0
DA:129,0
DA:131,0
DA:137,0
DA:138,0
DA:139,0
DA:141,0
DA:144,0
DA:145,0
DA:149,0
DA:152,0
DA:153,0
DA:156,0
DA:166,0
DA:167,0
DA:168,0
DA:170,0
DA:171,0
DA:177,0
DA:178,0
DA:184,0
DA:185,0
DA:187,0
DA:188,0
DA:198,0
DA:199,0
DA:200,0
DA:201,0
DA:203,0
DA:204,0
DA:207,0
DA:213,0
DA:226,0
DA:234,0
DA:236,0
DA:237,0
DA:238,0
DA:240,0
DA:243,0
LF:85
LH:0
BRDA:23,0,0,0
BRDA:23,0,1,0
BRDA:42,1,0,0
BRDA:42,1,1,0
BRDA:47,2,0,0
BRDA:47,2,1,0
BRDA:60,3,0,0
BRDA:60,3,1,0
BRDA:88,4,0,0
BRDA:88,4,1,0
BRDA:101,5,0,0
BRDA:101,5,1,0
BRDA:139,6,0,0
BRDA:139,6,1,0
BRDA:144,7,0,0
BRDA:144,7,1,0
BRDA:152,8,0,0
BRDA:152,8,1,0
BRDA:168,9,0,0
BRDA:168,9,1,0
BRDA:237,10,0,0
BRDA:237,10,1,0
BRF:22
BRH:0
end_of_record
TN:
SF:src/services/xray/userSync.ts
FN:37,(anonymous_0)
FN:51,(anonymous_1)
FN:63,(anonymous_2)
FN:81,(anonymous_3)
FN:87,(anonymous_4)
FN:102,(anonymous_5)
FN:113,(anonymous_6)
FN:138,(anonymous_7)
FN:174,(anonymous_8)
FN:239,(anonymous_9)
FN:274,(anonymous_10)
FN:327,(anonymous_11)
FN:336,(anonymous_12)
FN:353,(anonymous_13)
FN:382,(anonymous_14)
FN:402,(anonymous_15)
FN:437,(anonymous_16)
FN:438,(anonymous_17)
FN:445,getUserSyncService
FNF:19
FNH:0
FNDA:0,(anonymous_0)
FNDA:0,(anonymous_1)
FNDA:0,(anonymous_2)
FNDA:0,(anonymous_3)
FNDA:0,(anonymous_4)
FNDA:0,(anonymous_5)
FNDA:0,(anonymous_6)
FNDA:0,(anonymous_7)
FNDA:0,(anonymous_8)
FNDA:0,(anonymous_9)
FNDA:0,(anonymous_10)
FNDA:0,(anonymous_11)
FNDA:0,(anonymous_12)
FNDA:0,(anonymous_13)
FNDA:0,(anonymous_14)
FNDA:0,(anonymous_15)
FNDA:0,(anonymous_16)
FNDA:0,(anonymous_17)
FNDA:0,getUserSyncService
DA:1,0
DA:2,0
DA:3,0
DA:4,0
DA:30,0
DA:34,0
DA:35,0
DA:38,0
DA:39,0
DA:40,0
DA:52,0
DA:53,0
DA:56,0
DA:57,0
DA:58,0
DA:64,0
DA:65,0
DA:66,0
DA:69,0
DA:70,0
DA:71,0
DA:74,0
DA:75,0
DA:78,0
DA:81,0
DA:82,0
DA:88,0
DA:89,0
DA:92,0
DA:93,0
DA:94,0
DA:95,0
DA:98,0
DA:106,0
DA:114,0
DA:115,0
DA:123,0
DA:124,0
DA:127,0
DA:132,0
DA:135,0
DA:136,0
DA:137,0
DA:138,0
DA:141,0
DA:142,0
DA:143,0
DA:145,0
DA:146,0
DA:148,0
DA:149,0
DA:158,0
DA:159,0
DA:161,0
DA:165,0
DA:166,0
DA:167,0
DA:170,0
DA:181,0
DA:183,0
DA:184,0
DA:185,0
DA:186,0
DA:187,0
DA:192,0
DA:193,0
DA:197,0
DA:198,0
DA:202,0
DA:203,0
DA:207,0
DA:210,0
DA:224,0
DA:227,0
DA:229,0
DA:230,0
DA:232,0
DA:233,0
DA:234,0
DA:244,0
DA:247,0
DA:249,0
DA:251,0
DA:253,0
DA:254,0
DA:256,0
DA:257,0
DA:258,0
DA:259,0
DA:260,0
DA:261,0
DA:266,0
DA:267,0
DA:285,0
DA:287,0
DA:289,0
DA:297,0
DA:306,0
DA:314,0
DA:321,0
DA:322,0
DA:330,0
DA:332,0
DA:336,0
DA:347,0
DA:348,0
DA:357,0
DA:358,0
DA:359,0
DA:360,0
DA:364,0
DA:365,0
DA:366,0
DA:370,0
DA:372,0
DA:373,0
DA:375,0
DA:376,0
DA:377,0
DA:386,0
DA:387,0
DA:389,0
DA:390,0
DA:391,0
DA:392,0
DA:394,0
DA:398,0
DA:407,0
DA:408,0
DA:410,0
DA:411,0
DA:415,0
DA:416,0
DA:420,0
DA:421,0
DA:425,0
DA:426,0
DA:429,0
DA:431,0
DA:432,0
DA:438,0
DA:443,0
DA:445,0
DA:446,0
DA:447,0
DA:449,0
DA:452,0
LF:147
LH:0
BRDA:56,0,0,0
BRDA:56,0,1,0
BRDA:56,1,0,0
BRDA:56,1,1,0
BRDA:64,2,0,0
BRDA:64,2,1,0
BRDA:69,3,0,0
BRDA:69,3,1,0
BRDA:88,4,0,0
BRDA:88,4,1,0
BRDA:93,5,0,0
BRDA:93,5,1,0
BRDA:145,6,0,0
BRDA:145,6,1,0
BRDA:152,7,0,0
BRDA:152,7,1,0
BRDA:184,8,0,0
BRDA:184,8,1,0
BRDA:186,9,0,0
BRDA:186,9,1,0
BRDA:192,10,0,0
BRDA:192,10,1,0
BRDA:197,11,0,0
BRDA:197,11,1,0
BRDA:202,12,0,0
BRDA:202,12,1,0
BRDA:232,13,0,0
BRDA:232,13,1,0
BRDA:251,14,0,0
BRDA:251,14,1,0
BRDA:256,15,0,0
BRDA:256,15,1,0
BRDA:258,16,0,0
BRDA:258,16,1,0
BRDA:260,17,0,0
BRDA:260,17,1,0
BRDA:266,18,0,0
BRDA:266,18,1,0
BRDA:287,19,0,0
BRDA:287,19,1,0
BRDA:287,19,2,0
BRDA:287,19,3,0
BRDA:287,19,4,0
BRDA:359,20,0,0
BRDA:359,20,1,0
BRDA:375,21,0,0
BRDA:375,21,1,0
BRDA:391,22,0,0
BRDA:391,22,1,0
BRDA:394,23,0,0
BRDA:394,23,1,0
BRDA:410,24,0,0
BRDA:410,24,1,0
BRDA:415,25,0,0
BRDA:415,25,1,0
BRDA:415,26,0,0
BRDA:415,26,1,0
BRDA:420,27,0,0
BRDA:420,27,1,0
BRDA:425,28,0,0
BRDA:425,28,1,0
BRDA:431,29,0,0
BRDA:431,29,1,0
BRDA:446,30,0,0
BRDA:446,30,1,0
BRF:65
BRH:0
end_of_record
TN:
SF:src/utils/errors.ts
FN:7,(anonymous_0)
FN:17,(anonymous_1)
FN:26,(anonymous_2)
FN:37,(anonymous_3)
FN:44,(anonymous_4)
FN:51,(anonymous_5)
FN:58,(anonymous_6)
FN:65,(anonymous_7)
FN:72,(anonymous_8)
FNF:9
FNH:0
FNDA:0,(anonymous_0)
FNDA:0,(anonymous_1)
FNDA:0,(anonymous_2)
FNDA:0,(anonymous_3)
FNDA:0,(anonymous_4)
FNDA:0,(anonymous_5)
FNDA:0,(anonymous_6)
FNDA:0,(anonymous_7)
FNDA:0,(anonymous_8)
DA:3,0
DA:8,0
DA:9,0
DA:10,0
DA:11,0
DA:12,0
DA:16,0
DA:18,0
DA:19,0
DA:23,0
DA:30,0
DA:31,0
DA:32,0
DA:36,0
DA:38,0
DA:39,0
DA:43,0
DA:45,0
DA:46,0
DA:50,0
DA:52,0
DA:53,0
DA:57,0
DA:59,0
DA:60,0
DA:64,0
DA:66,0
DA:67,0
DA:71,0
DA:73,0
DA:74,0
LF:31
LH:0
BRDA:7,0,0,0
BRDA:7,1,0,0
BRDA:17,2,0,0
BRDA:27,3,0,0
BRDA:37,4,0,0
BRDA:44,5,0,0
BRDA:51,6,0,0
BRDA:58,7,0,0
BRDA:65,8,0,0
BRDA:72,9,0,0
BRF:10
BRH:0
end_of_record
TN:
SF:src/utils/jwt.ts
FN:22,generateAccessToken
FN:28,generateRefreshToken
FN:34,verifyToken
FN:38,verifyAccessToken
FN:48,verifyRefreshToken
FN:57,decodeToken
FN:65,extractTokenFromHeader
FN:72,isValidAccessTokenFormat
FN:102,isValidRefreshTokenFormat
FNF:9
FNH:0
FNDA:0,generateAccessToken
FNDA:0,generateRefreshToken
FNDA:0,verifyToken
FNDA:0,verifyAccessToken
FNDA:0,verifyRefreshToken
FNDA:0,decodeToken
FNDA:0,extractTokenFromHeader
FNDA:0,isValidAccessTokenFormat
FNDA:0,isValidRefreshTokenFormat
DA:1,0
DA:2,0
DA:22,0
DA:23,0
DA:28,0
DA:29,0
DA:34,0
DA:35,0
DA:38,0
DA:40,0
DA:41,0
DA:43,0
DA:45,0
DA:48,0
DA:50,0
DA:51,0
DA:52,0
DA:54,0
DA:57,0
DA:58,0
DA:59,0
DA:61,0
DA:65,0
DA:66,0
DA:67,0
DA:68,0
DA:69,0
DA:72,0
DA:73,0
DA:76,0
DA:77,0
DA:79,0
DA:83,0
DA:84,0
DA:86,0
DA:88,0
DA:89,0
DA:92,0
DA:94,0
DA:96,0
DA:98,0
DA:102,0
DA:103,0
DA:106,0
DA:109,0
DA:112,0
DA:113,0
DA:115,0
DA:117,0
DA:118,0
DA:121,0
DA:123,0
DA:125,0
DA:127,0
LF:54
LH:0
BRDA:24,0,0,0
BRDA:24,0,1,0
BRDA:30,1,0,0
BRDA:30,1,1,0
BRDA:41,2,0,0
BRDA:41,2,1,0
BRDA:41,3,0,0
BRDA:41,3,1,0
BRDA:41,3,2,0
BRDA:41,3,3,0
BRDA:51,4,0,0
BRDA:51,4,1,0
BRDA:51,5,0,0
BRDA:51,5,1,0
BRDA:66,6,0,0
BRDA:66,6,1,0
BRDA:68,7,0,0
BRDA:68,7,1,0
BRDA:68,8,0,0
BRDA:68,8,1,0
BRDA:68,8,2,0
BRDA:73,9,0,0
BRDA:73,9,1,0
BRDA:73,10,0,0
BRDA:73,10,1,0
BRDA:77,11,0,0
BRDA:77,11,1,0
BRDA:77,12,0,0
BRDA:77,12,1,0
BRDA:77,12,2,0
BRDA:77,12,3,0
BRDA:84,13,0,0
BRDA:84,13,1,0
BRDA:89,14,0,0
BRDA:89,14,1,0
BRDA:94,15,0,0
BRDA:94,15,1,0
BRDA:94,16,0,0
BRDA:94,16,1,0
BRDA:94,16,2,0
BRDA:94,16,3,0
BRDA:103,17,0,0
BRDA:103,17,1,0
BRDA:103,18,0,0
BRDA:103,18,1,0
BRDA:106,19,0,0
BRDA:106,19,1,0
BRDA:106,20,0,0
BRDA:106,20,1,0
BRDA:113,21,0,0
BRDA:113,21,1,0
BRDA:118,22,0,0
BRDA:118,22,1,0
BRDA:123,23,0,0
BRDA:123,23,1,0
BRDA:123,24,0,0
BRDA:123,24,1,0
BRDA:123,24,2,0
BRDA:123,24,3,0
BRF:59
BRH:0
end_of_record
TN:
SF:src/utils/logger.ts
FN:6,(anonymous_1)
FNF:1
FNH:0
FNDA:0,(anonymous_1)
DA:1,0
DA:3,0
DA:6,0
DA:7,0
DA:8,0
DA:9,0
DA:11,0
DA:12,0
DA:14,0
DA:18,0
DA:37,0
DA:38,0
DA:50,0
DA:62,0
LF:14
LH:0
BRDA:8,0,0,0
BRDA:8,0,1,0
BRDA:11,1,0,0
BRDA:11,1,1,0
BRDA:19,2,0,0
BRDA:19,2,1,0
BRDA:37,3,0,0
BRDA:37,3,1,0
BRF:8
BRH:0
end_of_record
TN:
SF:src/utils/response.ts
FN:7,createRequestId
FN:26,sendSuccess
FN:45,sendError
FN:65,sendPaginated
FNF:4
FNH:0
FNDA:0,createRequestId
FNDA:0,sendSuccess
FNDA:0,sendError
FNDA:0,sendPaginated
DA:2,0
DA:7,0
DA:8,0
DA:26,0
DA:32,0
DA:39,0
DA:45,0
DA:52,0
DA:59,0
DA:65,0
DA:73,0
DA:86,0
DA:89,0
LF:13
LH:0
BRDA:30,0,0,0
BRDA:36,1,0,0
BRDA:36,1,1,0
BRDA:48,2,0,0
BRDA:49,3,0,0
BRDA:56,4,0,0
BRDA:56,4,1,0
BRDA:83,5,0,0
BRDA:83,5,1,0
BRF:9
BRH:0
end_of_record
